Using pre-set license
Built from '2022.3/staging' branch; Version is '2022.3.22f1 (887be4894c44) revision 8944612'; Using compiler version '192829333'; Build Type 'Release'
OS: 'Windows 10  (10.0.19044) 64bit IoTEnterpriseS' Language: 'ko' Physical Memory: 32397 MB
BatchMode: 1, IsHumanControllingUs: 0, StartBugReporterOnCrash: 0, Is64bit: 1, IsPro: 1

COMMAND LINE ARGUMENTS:
C:\Program Files\Unity\Hub\Editor\2022.3.22f1\Editor\Unity.exe
-adb2
-batchMode
-noUpm
-name
AssetImportWorker2
-projectPath
D:/Programming_Works/Unity_flutter/Doremi_Doremi/Doremi_Doremi
-logFile
Logs/AssetImportWorker2.log
-srvPort
60626
Successfully changed project path to: D:/Programming_Works/Unity_flutter/Doremi_Doremi/Doremi_Doremi
D:/Programming_Works/Unity_flutter/Doremi_Doremi/Doremi_Doremi
[UnityMemory] Configuration Parameters - Can be set up in boot.config
    "memorysetup-bucket-allocator-granularity=16"
    "memorysetup-bucket-allocator-bucket-count=8"
    "memorysetup-bucket-allocator-block-size=33554432"
    "memorysetup-bucket-allocator-block-count=8"
    "memorysetup-main-allocator-block-size=16777216"
    "memorysetup-thread-allocator-block-size=16777216"
    "memorysetup-gfx-main-allocator-block-size=16777216"
    "memorysetup-gfx-thread-allocator-block-size=16777216"
    "memorysetup-cache-allocator-block-size=4194304"
    "memorysetup-typetree-allocator-block-size=2097152"
    "memorysetup-profiler-bucket-allocator-granularity=16"
    "memorysetup-profiler-bucket-allocator-bucket-count=8"
    "memorysetup-profiler-bucket-allocator-block-size=33554432"
    "memorysetup-profiler-bucket-allocator-block-count=8"
    "memorysetup-profiler-allocator-block-size=16777216"
    "memorysetup-profiler-editor-allocator-block-size=1048576"
    "memorysetup-temp-allocator-size-main=16777216"
    "memorysetup-job-temp-allocator-block-size=2097152"
    "memorysetup-job-temp-allocator-block-size-background=1048576"
    "memorysetup-job-temp-allocator-reduction-small-platforms=262144"
    "memorysetup-allocator-temp-initial-block-size-main=262144"
    "memorysetup-allocator-temp-initial-block-size-worker=262144"
    "memorysetup-temp-allocator-size-background-worker=32768"
    "memorysetup-temp-allocator-size-job-worker=262144"
    "memorysetup-temp-allocator-size-preload-manager=33554432"
    "memorysetup-temp-allocator-size-nav-mesh-worker=65536"
    "memorysetup-temp-allocator-size-audio-worker=65536"
    "memorysetup-temp-allocator-size-cloud-worker=32768"
    "memorysetup-temp-allocator-size-gi-baking-worker=262144"
    "memorysetup-temp-allocator-size-gfx=262144"
Player connection [16872] Host "[IP] 172.30.1.42 [Port] 0 [Flags] 2 [Guid] 2043297509 [EditorId] 2043297509 [Version] 1048832 [Id] WindowsEditor(7,BIK-GAME) [Debug] 1 [PackageName] WindowsEditor [ProjectName] Editor" joined multi-casting on [225.0.0.222:54997]...

Player connection [16872] Host "[IP] 172.30.1.42 [Port] 0 [Flags] 2 [Guid] 2043297509 [EditorId] 2043297509 [Version] 1048832 [Id] WindowsEditor(7,BIK-GAME) [Debug] 1 [PackageName] WindowsEditor [ProjectName] Editor" joined alternative multi-casting on [225.0.0.222:34997]...

[Physics::Module] Initialized MultithreadedJobDispatcher with 11 workers.
Refreshing native plugins compatible for Editor in 3.72 ms, found 3 plugins.
Preloading 0 native plugins for Editor in 0.00 ms.
Initialize engine version: 2022.3.22f1 (887be4894c44)
[Subsystems] Discovering subsystems at path C:/Program Files/Unity/Hub/Editor/2022.3.22f1/Editor/Data/Resources/UnitySubsystems
[Subsystems] Discovering subsystems at path D:/Programming_Works/Unity_flutter/Doremi_Doremi/Doremi_Doremi/Assets
GfxDevice: creating device client; threaded=0; jobified=0
Direct3D:
    Version:  Direct3D 11.0 [level 11.1]
    Renderer: NVIDIA GeForce RTX 4070 Ti SUPER (ID=0x2705)
    Vendor:   NVIDIA
    VRAM:     16063 MB
    Driver:   32.0.15.6614
Initialize mono
Mono path[0] = 'C:/Program Files/Unity/Hub/Editor/2022.3.22f1/Editor/Data/Managed'
Mono path[1] = 'C:/Program Files/Unity/Hub/Editor/2022.3.22f1/Editor/Data/MonoBleedingEdge/lib/mono/unityjit-win32'
Mono config path = 'C:/Program Files/Unity/Hub/Editor/2022.3.22f1/Editor/Data/MonoBleedingEdge/etc'
Using monoOptions --debugger-agent=transport=dt_socket,embedding=1,server=y,suspend=n,address=127.0.0.1:56980
Begin MonoManager ReloadAssembly
Registering precompiled unity dll's ...
Register platform support module: C:/Program Files/Unity/Hub/Editor/2022.3.22f1/Editor/Data/PlaybackEngines/AndroidPlayer/UnityEditor.Android.Extensions.dll
Register platform support module: C:/Program Files/Unity/Hub/Editor/2022.3.22f1/Editor/Data/PlaybackEngines/WindowsStandaloneSupport/UnityEditor.WindowsStandalone.Extensions.dll
Registered in 0.005814 seconds.
- Loaded All Assemblies, in  0.217 seconds
Native extension for WindowsStandalone target not found
Native extension for Android target not found
Android Extension - Scanning For ADB Devices 216 ms
Mono: successfully reloaded assembly
- Finished resetting the current domain, in  0.419 seconds
Domain Reload Profiling: 635ms
	BeginReloadAssembly (71ms)
		ExecutionOrderSort (0ms)
		DisableScriptedObjects (0ms)
		BackupInstance (0ms)
		ReleaseScriptingObjects (0ms)
		CreateAndSetChildDomain (0ms)
	RebuildCommonClasses (20ms)
	RebuildNativeTypeToScriptingClass (8ms)
	initialDomainReloadingComplete (35ms)
	LoadAllAssembliesAndSetupDomain (82ms)
		LoadAssemblies (70ms)
		RebuildTransferFunctionScriptingTraits (0ms)
		AnalyzeDomain (81ms)
			TypeCache.Refresh (80ms)
				TypeCache.ScanAssembly (72ms)
			ScanForSourceGeneratedMonoScriptInfo (0ms)
			ResolveRequiredComponents (0ms)
	FinalizeReload (419ms)
		ReleaseScriptCaches (0ms)
		RebuildScriptCaches (0ms)
		SetupLoadedEditorAssemblies (383ms)
			LogAssemblyErrors (0ms)
			InitializePlatformSupportModulesInManaged (280ms)
			SetLoadedEditorAssemblies (2ms)
			RefreshPlugins (0ms)
			BeforeProcessingInitializeOnLoad (1ms)
			ProcessInitializeOnLoadAttributes (69ms)
			ProcessInitializeOnLoadMethodAttributes (31ms)
			AfterProcessingInitializeOnLoad (0ms)
			EditorAssembliesLoaded (0ms)
		ExecutionOrderSort2 (0ms)
		AwakeInstancesAfterBackupRestoration (0ms)
========================================================================
Worker process is ready to serve import requests
Begin MonoManager ReloadAssembly
- Loaded All Assemblies, in  0.402 seconds
Refreshing native plugins compatible for Editor in 1.07 ms, found 3 plugins.
Native extension for WindowsStandalone target not found
Native extension for Android target not found
Mono: successfully reloaded assembly
- Finished resetting the current domain, in  0.368 seconds
Domain Reload Profiling: 769ms
	BeginReloadAssembly (108ms)
		ExecutionOrderSort (0ms)
		DisableScriptedObjects (3ms)
		BackupInstance (0ms)
		ReleaseScriptingObjects (0ms)
		CreateAndSetChildDomain (19ms)
	RebuildCommonClasses (25ms)
	RebuildNativeTypeToScriptingClass (7ms)
	initialDomainReloadingComplete (25ms)
	LoadAllAssembliesAndSetupDomain (235ms)
		LoadAssemblies (187ms)
		RebuildTransferFunctionScriptingTraits (0ms)
		AnalyzeDomain (108ms)
			TypeCache.Refresh (91ms)
				TypeCache.ScanAssembly (81ms)
			ScanForSourceGeneratedMonoScriptInfo (12ms)
			ResolveRequiredComponents (4ms)
	FinalizeReload (369ms)
		ReleaseScriptCaches (0ms)
		RebuildScriptCaches (0ms)
		SetupLoadedEditorAssemblies (269ms)
			LogAssemblyErrors (0ms)
			InitializePlatformSupportModulesInManaged (18ms)
			SetLoadedEditorAssemblies (3ms)
			RefreshPlugins (0ms)
			BeforeProcessingInitializeOnLoad (47ms)
			ProcessInitializeOnLoadAttributes (184ms)
			ProcessInitializeOnLoadMethodAttributes (13ms)
			AfterProcessingInitializeOnLoad (4ms)
			EditorAssembliesLoaded (0ms)
		ExecutionOrderSort2 (0ms)
		AwakeInstancesAfterBackupRestoration (5ms)
Launched and connected shader compiler UnityShaderCompiler.exe after 0.03 seconds
Refreshing native plugins compatible for Editor in 1.52 ms, found 3 plugins.
Preloading 0 native plugins for Editor in 0.00 ms.
Unloading 3236 Unused Serialized files (Serialized files now loaded: 0)
Unloading 39 unused Assets / (57.0 KB). Loaded Objects now: 3700.
Memory consumption went from 134.4 MB to 134.3 MB.
Total: 1.994500 ms (FindLiveObjects: 0.213900 ms CreateObjectMapping: 0.089000 ms MarkObjects: 1.608400 ms  DeleteObjects: 0.082600 ms)

AssetImportParameters requested are different than current active one (requested -> active):
  custom:container-demuxer-ogg: 62fdf1f143b41e24485cea50d1cbac27 -> 
  custom:video-decoder-ogg-theora: a1e56fd34408186e4bbccfd4996cb3dc -> 
  custom:framework-win-MediaFoundation: 216162199b28c13a410421893ffa2e32 -> 
  custom:CustomObjectIndexerAttribute: 9a22284fe3817be447336de3de66b15e -> 
  custom:container-demuxer-webm: 4f35f7cbe854078d1ac9338744f61a02 -> 
  custom:container-muxer-webm: aa71ff27fc2769a1b78a27578f13a17b -> 
  custom:video-decoder-webm-vp8: 9c59270c3fd7afecdb556c50c9e8de78 -> 
  custom:SearchIndexIgnoredProperties: e643bd26f0fe6173181afceb89e7c659 -> 
  custom:AudioImporter_EditorPlatform: d09bf68614088b80899f8185d706f6e7 -> 
  custom:video-encoder-webm-vp8: eb34c28f22e8b96e1ab97ce403110664 -> 
  custom:audio-decoder-ogg-vorbis: bf7c407c2cedff20999df2af8eb42d56 -> 
  custom:audio-encoder-webm-vorbis: bf7c407c2cedff20999df2af8eb42d56 -> 
========================================================================
Received Import Request.
  Time since last request: 18923.823753 seconds.
  path: Assets/Images/3-8-time.svg
  artifactKey: Guid(c1dfc94d3bd297042b2e62f8aee49880) Importer(815301076,1909f56bfc062723c751e8b465ee728b)
Start importing Assets/Images/3-8-time.svg using Guid(c1dfc94d3bd297042b2e62f8aee49880) Importer(815301076,1909f56bfc062723c751e8b465ee728b) Incomplete mesh data in Sprite. Please reimport or recreate the Sprite.
UnityEngine.StackTraceUtility:ExtractStackTrace ()
UnityEditor.PreviewRenderUtility:Render (bool,bool)
UnityEditor.GameObjectInspector:DoRenderPreview (UnityEditor.GameObjectInspector/PreviewData)
UnityEditor.GameObjectInspector:RenderStaticPreview (string,UnityEngine.Object[],int,int)
UnityEditor.AssetPreviewUpdater:CreatePreview (UnityEngine.Object,UnityEngine.Object[],string,int,int)
UnityEditor.AssetPreviewUpdater:CreatePreviewForAsset (UnityEngine.Object,UnityEngine.Object[],string)

[C:\build\output\unity\unity\Runtime\2D\Renderer\SpriteRendererJobs.cpp line 615]

 -> (artifact id: '34a5549b985692543f39f07e31461f65') in 0.056463 seconds
Number of updated asset objects reloaded before import = 0
Number of asset objects unloaded after import = 7
========================================================================
Received Import Request.
  Time since last request: 0.000020 seconds.
  path: Assets/Images/lines.svg
  artifactKey: Guid(9ee449dcec617cc49aa0251787b25581) Importer(815301076,1909f56bfc062723c751e8b465ee728b)
Start importing Assets/Images/lines.svg using Guid(9ee449dcec617cc49aa0251787b25581) Importer(815301076,1909f56bfc062723c751e8b465ee728b)  -> (artifact id: '0c05738ea8b7026cf28bed3a84138586') in 0.034270 seconds
Number of updated asset objects reloaded before import = 0
Number of asset objects unloaded after import = 7
========================================================================
Received Import Request.
  Time since last request: 0.000013 seconds.
  path: Assets/Images/8-rest.svg
  artifactKey: Guid(6c0522bab7b751540a69eedb8b812a6c) Importer(815301076,1909f56bfc062723c751e8b465ee728b)
Start importing Assets/Images/8-rest.svg using Guid(6c0522bab7b751540a69eedb8b812a6c) Importer(815301076,1909f56bfc062723c751e8b465ee728b) Incomplete mesh data in Sprite. Please reimport or recreate the Sprite.
UnityEngine.StackTraceUtility:ExtractStackTrace ()
UnityEditor.PreviewRenderUtility:Render (bool,bool)
UnityEditor.GameObjectInspector:DoRenderPreview (UnityEditor.GameObjectInspector/PreviewData)
UnityEditor.GameObjectInspector:RenderStaticPreview (string,UnityEngine.Object[],int,int)
UnityEditor.AssetPreviewUpdater:CreatePreview (UnityEngine.Object,UnityEngine.Object[],string,int,int)
UnityEditor.AssetPreviewUpdater:CreatePreviewForAsset (UnityEngine.Object,UnityEngine.Object[],string)

[C:\build\output\unity\unity\Runtime\2D\Renderer\SpriteRendererJobs.cpp line 615]

 -> (artifact id: '9794c51762b7f24428a193027979ac52') in 0.004930 seconds
Number of updated asset objects reloaded before import = 0
Number of asset objects unloaded after import = 7
========================================================================
Received Import Request.
  Time since last request: 0.000009 seconds.
  path: Assets/Images/ledger-line.svg
  artifactKey: Guid(f2caf831f6b79084bba1480367e3f96b) Importer(815301076,1909f56bfc062723c751e8b465ee728b)
Start importing Assets/Images/ledger-line.svg using Guid(f2caf831f6b79084bba1480367e3f96b) Importer(815301076,1909f56bfc062723c751e8b465ee728b)  -> (artifact id: '7f4ebe201ee8af8f71921e9ae9dd4383') in 0.011465 seconds
Number of updated asset objects reloaded before import = 0
Number of asset objects unloaded after import = 7
========================================================================
Received Import Request.
  Time since last request: 0.000011 seconds.
  path: Assets/Images/end_vertical_line.svg
  artifactKey: Guid(ca4a42e6c71d77145aa62f3adfd7d6fe) Importer(815301076,1909f56bfc062723c751e8b465ee728b)
Start importing Assets/Images/end_vertical_line.svg using Guid(ca4a42e6c71d77145aa62f3adfd7d6fe) Importer(815301076,1909f56bfc062723c751e8b465ee728b)  -> (artifact id: 'aeb89724e478d8a2a6b17ac1734d77b5') in 0.010287 seconds
Number of updated asset objects reloaded before import = 0
Number of asset objects unloaded after import = 7
========================================================================
Received Import Request.
  Time since last request: 0.000011 seconds.
  path: Assets/Images/flat.svg
  artifactKey: Guid(31d5b66a1bb61a744bca391293c2c5f6) Importer(815301076,1909f56bfc062723c751e8b465ee728b)
Start importing Assets/Images/flat.svg using Guid(31d5b66a1bb61a744bca391293c2c5f6) Importer(815301076,1909f56bfc062723c751e8b465ee728b)  -> (artifact id: 'a77c0a5c1feb6070eb8c6b63229d4d84') in 0.009096 seconds
Number of updated asset objects reloaded before import = 0
Number of asset objects unloaded after import = 7
========================================================================
Received Import Request.
  Time since last request: 457.212233 seconds.
  path: Assets/Images/2-4-time 1.svg
  artifactKey: Guid(3d4ec43fd72a12e49a69505ff1206e20) Importer(815301076,1909f56bfc062723c751e8b465ee728b)
Start importing Assets/Images/2-4-time 1.svg using Guid(3d4ec43fd72a12e49a69505ff1206e20) Importer(815301076,1909f56bfc062723c751e8b465ee728b)  -> (artifact id: '6ceb34241cbf8a3023fdb2368243946b') in 0.015666 seconds
Number of updated asset objects reloaded before import = 0
Number of asset objects unloaded after import = 7
========================================================================
Received Import Request.
  Time since last request: 6.291029 seconds.
  path: Assets/Images/2-4-time.svg
  artifactKey: Guid(3d4ec43fd72a12e49a69505ff1206e20) Importer(815301076,1909f56bfc062723c751e8b465ee728b)
Start importing Assets/Images/2-4-time.svg using Guid(3d4ec43fd72a12e49a69505ff1206e20) Importer(815301076,1909f56bfc062723c751e8b465ee728b)  -> (artifact id: '7a4405a7aefa490caa0f4518c9aa28ef') in 0.013887 seconds
Number of updated asset objects reloaded before import = 0
Number of asset objects unloaded after import = 7
========================================================================
Received Import Request.
  Time since last request: 3.600436 seconds.
  path: Assets/Images/2-rest 1.svg
  artifactKey: Guid(fa5180e213099434193c1e3c424415e9) Importer(815301076,1909f56bfc062723c751e8b465ee728b)
Start importing Assets/Images/2-rest 1.svg using Guid(fa5180e213099434193c1e3c424415e9) Importer(815301076,1909f56bfc062723c751e8b465ee728b) Incomplete mesh data in Sprite. Please reimport or recreate the Sprite.
UnityEngine.StackTraceUtility:ExtractStackTrace ()
UnityEditor.PreviewRenderUtility:Render (bool,bool)
UnityEditor.GameObjectInspector:DoRenderPreview (UnityEditor.GameObjectInspector/PreviewData)
UnityEditor.GameObjectInspector:RenderStaticPreview (string,UnityEngine.Object[],int,int)
UnityEditor.AssetPreviewUpdater:CreatePreview (UnityEngine.Object,UnityEngine.Object[],string,int,int)
UnityEditor.AssetPreviewUpdater:CreatePreviewForAsset (UnityEngine.Object,UnityEngine.Object[],string)

[C:\build\output\unity\unity\Runtime\2D\Renderer\SpriteRendererJobs.cpp line 615]

 -> (artifact id: '8e7fea86b18079c8b2ab4977603c046c') in 0.016395 seconds
Number of updated asset objects reloaded before import = 0
Number of asset objects unloaded after import = 7
========================================================================
Received Import Request.
  Time since last request: 33.274887 seconds.
  path: Assets/Images/2-rest 1.svg
  artifactKey: Guid(fa5180e213099434193c1e3c424415e9) Importer(815301076,1909f56bfc062723c751e8b465ee728b)
Start importing Assets/Images/2-rest 1.svg using Guid(fa5180e213099434193c1e3c424415e9) Importer(815301076,1909f56bfc062723c751e8b465ee728b) Incomplete mesh data in Sprite. Please reimport or recreate the Sprite.
UnityEngine.StackTraceUtility:ExtractStackTrace ()
UnityEditor.PreviewRenderUtility:Render (bool,bool)
UnityEditor.GameObjectInspector:DoRenderPreview (UnityEditor.GameObjectInspector/PreviewData)
UnityEditor.GameObjectInspector:RenderStaticPreview (string,UnityEngine.Object[],int,int)
UnityEditor.AssetPreviewUpdater:CreatePreview (UnityEngine.Object,UnityEngine.Object[],string,int,int)
UnityEditor.AssetPreviewUpdater:CreatePreviewForAsset (UnityEngine.Object,UnityEngine.Object[],string)

[C:\build\output\unity\unity\Runtime\2D\Renderer\SpriteRendererJobs.cpp line 615]

 -> (artifact id: '24fc743456267470b8c7fce7adf281b3') in 0.007755 seconds
Number of updated asset objects reloaded before import = 0
Number of asset objects unloaded after import = 7
========================================================================
Received Import Request.
  Time since last request: 8.630162 seconds.
  path: Assets/Images/2-rest.svg
  artifactKey: Guid(fa5180e213099434193c1e3c424415e9) Importer(815301076,1909f56bfc062723c751e8b465ee728b)
Start importing Assets/Images/2-rest.svg using Guid(fa5180e213099434193c1e3c424415e9) Importer(815301076,1909f56bfc062723c751e8b465ee728b) Incomplete mesh data in Sprite. Please reimport or recreate the Sprite.
UnityEngine.StackTraceUtility:ExtractStackTrace ()
UnityEditor.PreviewRenderUtility:Render (bool,bool)
UnityEditor.GameObjectInspector:DoRenderPreview (UnityEditor.GameObjectInspector/PreviewData)
UnityEditor.GameObjectInspector:RenderStaticPreview (string,UnityEngine.Object[],int,int)
UnityEditor.AssetPreviewUpdater:CreatePreview (UnityEngine.Object,UnityEngine.Object[],string,int,int)
UnityEditor.AssetPreviewUpdater:CreatePreviewForAsset (UnityEngine.Object,UnityEngine.Object[],string)

[C:\build\output\unity\unity\Runtime\2D\Renderer\SpriteRendererJobs.cpp line 615]

 -> (artifact id: 'b7071814cdcdd02845ecb015d2927a48') in 0.005123 seconds
Number of updated asset objects reloaded before import = 0
Number of asset objects unloaded after import = 7
========================================================================
Received Import Request.
  Time since last request: 3.636967 seconds.
  path: Assets/Images/3-4-time 1.svg
  artifactKey: Guid(de22251ff3a093044bba9de57cf5d997) Importer(815301076,1909f56bfc062723c751e8b465ee728b)
Start importing Assets/Images/3-4-time 1.svg using Guid(de22251ff3a093044bba9de57cf5d997) Importer(815301076,1909f56bfc062723c751e8b465ee728b)  -> (artifact id: '18718cbf776c2dcb52b5dbd07b12c5da') in 0.015303 seconds
Number of updated asset objects reloaded before import = 0
Number of asset objects unloaded after import = 7
========================================================================
Received Import Request.
  Time since last request: 5.310273 seconds.
  path: Assets/Images/3-4-time.svg
  artifactKey: Guid(de22251ff3a093044bba9de57cf5d997) Importer(815301076,1909f56bfc062723c751e8b465ee728b)
Start importing Assets/Images/3-4-time.svg using Guid(de22251ff3a093044bba9de57cf5d997) Importer(815301076,1909f56bfc062723c751e8b465ee728b)  -> (artifact id: '41cf52ffb8539d9cb1d746710d2e8ab2') in 0.010454 seconds
Number of updated asset objects reloaded before import = 0
Number of asset objects unloaded after import = 7
========================================================================
Received Import Request.
  Time since last request: 2.647622 seconds.
  path: Assets/Images/3-8-time 1.svg
  artifactKey: Guid(dd423f06badbbc84fa0561e4736ee7e7) Importer(815301076,1909f56bfc062723c751e8b465ee728b)
Start importing Assets/Images/3-8-time 1.svg using Guid(dd423f06badbbc84fa0561e4736ee7e7) Importer(815301076,1909f56bfc062723c751e8b465ee728b)  -> (artifact id: '0c8c5ce1cdccb1590f643a9ff0f5a4bb') in 0.014955 seconds
Number of updated asset objects reloaded before import = 0
Number of asset objects unloaded after import = 7
========================================================================
Received Import Request.
  Time since last request: 5.063908 seconds.
  path: Assets/Images/3-8-time.svg
  artifactKey: Guid(dd423f06badbbc84fa0561e4736ee7e7) Importer(815301076,1909f56bfc062723c751e8b465ee728b)
Start importing Assets/Images/3-8-time.svg using Guid(dd423f06badbbc84fa0561e4736ee7e7) Importer(815301076,1909f56bfc062723c751e8b465ee728b)  -> (artifact id: '25e84dcb16581beccdf7aee5734cab91') in 0.005994 seconds
Number of updated asset objects reloaded before import = 0
Number of asset objects unloaded after import = 7
========================================================================
Received Import Request.
  Time since last request: 3.415476 seconds.
  path: Assets/Images/4-4-time 1.svg
  artifactKey: Guid(c2913bce249d8314b852ede2787f46be) Importer(815301076,1909f56bfc062723c751e8b465ee728b)
Start importing Assets/Images/4-4-time 1.svg using Guid(c2913bce249d8314b852ede2787f46be) Importer(815301076,1909f56bfc062723c751e8b465ee728b)  -> (artifact id: '642d8ac60aaf5345aa755ea50ed83c51') in 0.020629 seconds
Number of updated asset objects reloaded before import = 0
Number of asset objects unloaded after import = 7
========================================================================
Received Import Request.
  Time since last request: 7.905737 seconds.
  path: Assets/Images/4-4-time.svg
  artifactKey: Guid(c2913bce249d8314b852ede2787f46be) Importer(815301076,1909f56bfc062723c751e8b465ee728b)
Start importing Assets/Images/4-4-time.svg using Guid(c2913bce249d8314b852ede2787f46be) Importer(815301076,1909f56bfc062723c751e8b465ee728b)  -> (artifact id: '88ba52586a894ed2ee1cfb27c5eda213') in 0.014907 seconds
Number of updated asset objects reloaded before import = 0
Number of asset objects unloaded after import = 7
========================================================================
Received Import Request.
  Time since last request: 1.484680 seconds.
  path: Assets/Images/4-8-time.svg
  artifactKey: Guid(f81e371b492192142944fc7918319267) Importer(815301076,1909f56bfc062723c751e8b465ee728b)
Start importing Assets/Images/4-8-time.svg using Guid(f81e371b492192142944fc7918319267) Importer(815301076,1909f56bfc062723c751e8b465ee728b)  -> (artifact id: 'daeb5a859b84422fca1814d536f5b6b2') in 0.015029 seconds
Number of updated asset objects reloaded before import = 0
Number of asset objects unloaded after import = 7
========================================================================
Received Import Request.
  Time since last request: 3.334515 seconds.
  path: Assets/Images/4-rest 1.svg
  artifactKey: Guid(6b7f013046420304381d4c0e02e4af32) Importer(815301076,1909f56bfc062723c751e8b465ee728b)
Start importing Assets/Images/4-rest 1.svg using Guid(6b7f013046420304381d4c0e02e4af32) Importer(815301076,1909f56bfc062723c751e8b465ee728b) Incomplete mesh data in Sprite. Please reimport or recreate the Sprite.
UnityEngine.StackTraceUtility:ExtractStackTrace ()
UnityEditor.PreviewRenderUtility:Render (bool,bool)
UnityEditor.GameObjectInspector:DoRenderPreview (UnityEditor.GameObjectInspector/PreviewData)
UnityEditor.GameObjectInspector:RenderStaticPreview (string,UnityEngine.Object[],int,int)
UnityEditor.AssetPreviewUpdater:CreatePreview (UnityEngine.Object,UnityEngine.Object[],string,int,int)
UnityEditor.AssetPreviewUpdater:CreatePreviewForAsset (UnityEngine.Object,UnityEngine.Object[],string)

[C:\build\output\unity\unity\Runtime\2D\Renderer\SpriteRendererJobs.cpp line 615]

 -> (artifact id: 'eae0f80ab2daa80a2af57e029afa887a') in 0.011533 seconds
Number of updated asset objects reloaded before import = 0
Number of asset objects unloaded after import = 7
========================================================================
Received Import Request.
  Time since last request: 6.844252 seconds.
  path: Assets/Images/4-rest.svg
  artifactKey: Guid(6b7f013046420304381d4c0e02e4af32) Importer(815301076,1909f56bfc062723c751e8b465ee728b)
Start importing Assets/Images/4-rest.svg using Guid(6b7f013046420304381d4c0e02e4af32) Importer(815301076,1909f56bfc062723c751e8b465ee728b) Incomplete mesh data in Sprite. Please reimport or recreate the Sprite.
UnityEngine.StackTraceUtility:ExtractStackTrace ()
UnityEditor.PreviewRenderUtility:Render (bool,bool)
UnityEditor.GameObjectInspector:DoRenderPreview (UnityEditor.GameObjectInspector/PreviewData)
UnityEditor.GameObjectInspector:RenderStaticPreview (string,UnityEngine.Object[],int,int)
UnityEditor.AssetPreviewUpdater:CreatePreview (UnityEngine.Object,UnityEngine.Object[],string,int,int)
UnityEditor.AssetPreviewUpdater:CreatePreviewForAsset (UnityEngine.Object,UnityEngine.Object[],string)

[C:\build\output\unity\unity\Runtime\2D\Renderer\SpriteRendererJobs.cpp line 615]

 -> (artifact id: '0f3eb69a7a8281c8f3daf179bf04af62') in 0.019198 seconds
Number of updated asset objects reloaded before import = 0
Number of asset objects unloaded after import = 7
========================================================================
Received Import Request.
  Time since last request: 3.960004 seconds.
  path: Assets/Images/6-8-time 1.svg
  artifactKey: Guid(9cc5faa8781a84c4ea1d84265c2f4825) Importer(815301076,1909f56bfc062723c751e8b465ee728b)
Start importing Assets/Images/6-8-time 1.svg using Guid(9cc5faa8781a84c4ea1d84265c2f4825) Importer(815301076,1909f56bfc062723c751e8b465ee728b)  -> (artifact id: '7ac327db06e5f98a4c17b74ad62c7f3a') in 0.020515 seconds
Number of updated asset objects reloaded before import = 0
Number of asset objects unloaded after import = 7
========================================================================
Received Import Request.
  Time since last request: 6.115303 seconds.
  path: Assets/Images/6-8-time.svg
  artifactKey: Guid(9cc5faa8781a84c4ea1d84265c2f4825) Importer(815301076,1909f56bfc062723c751e8b465ee728b)
Start importing Assets/Images/6-8-time.svg using Guid(9cc5faa8781a84c4ea1d84265c2f4825) Importer(815301076,1909f56bfc062723c751e8b465ee728b)  -> (artifact id: '43a5bd152d3ee4d12d15bed18ef295b3') in 0.009965 seconds
Number of updated asset objects reloaded before import = 0
Number of asset objects unloaded after import = 7
========================================================================
Received Import Request.
  Time since last request: 3.564643 seconds.
  path: Assets/Images/8-rest 1.svg
  artifactKey: Guid(fe923baa83a2f5649b50ba114d51abad) Importer(815301076,1909f56bfc062723c751e8b465ee728b)
Start importing Assets/Images/8-rest 1.svg using Guid(fe923baa83a2f5649b50ba114d51abad) Importer(815301076,1909f56bfc062723c751e8b465ee728b) Incomplete mesh data in Sprite. Please reimport or recreate the Sprite.
UnityEngine.StackTraceUtility:ExtractStackTrace ()
UnityEditor.PreviewRenderUtility:Render (bool,bool)
UnityEditor.GameObjectInspector:DoRenderPreview (UnityEditor.GameObjectInspector/PreviewData)
UnityEditor.GameObjectInspector:RenderStaticPreview (string,UnityEngine.Object[],int,int)
UnityEditor.AssetPreviewUpdater:CreatePreview (UnityEngine.Object,UnityEngine.Object[],string,int,int)
UnityEditor.AssetPreviewUpdater:CreatePreviewForAsset (UnityEngine.Object,UnityEngine.Object[],string)

[C:\build\output\unity\unity\Runtime\2D\Renderer\SpriteRendererJobs.cpp line 615]

 -> (artifact id: '144c96b1bf13134e18369b835adc5aba') in 0.008339 seconds
Number of updated asset objects reloaded before import = 0
Number of asset objects unloaded after import = 7
========================================================================
Received Import Request.
  Time since last request: 6.690163 seconds.
  path: Assets/Images/8-rest.svg
  artifactKey: Guid(fe923baa83a2f5649b50ba114d51abad) Importer(815301076,1909f56bfc062723c751e8b465ee728b)
Start importing Assets/Images/8-rest.svg using Guid(fe923baa83a2f5649b50ba114d51abad) Importer(815301076,1909f56bfc062723c751e8b465ee728b) Incomplete mesh data in Sprite. Please reimport or recreate the Sprite.
UnityEngine.StackTraceUtility:ExtractStackTrace ()
UnityEditor.PreviewRenderUtility:Render (bool,bool)
UnityEditor.GameObjectInspector:DoRenderPreview (UnityEditor.GameObjectInspector/PreviewData)
UnityEditor.GameObjectInspector:RenderStaticPreview (string,UnityEngine.Object[],int,int)
UnityEditor.AssetPreviewUpdater:CreatePreview (UnityEngine.Object,UnityEngine.Object[],string,int,int)
UnityEditor.AssetPreviewUpdater:CreatePreviewForAsset (UnityEngine.Object,UnityEngine.Object[],string)

[C:\build\output\unity\unity\Runtime\2D\Renderer\SpriteRendererJobs.cpp line 615]

 -> (artifact id: 'a662a1f0400ad740a3e6f824b68106b8') in 0.004840 seconds
Number of updated asset objects reloaded before import = 0
Number of asset objects unloaded after import = 7
========================================================================
Received Import Request.
  Time since last request: 4.749455 seconds.
  path: Assets/Images/16-rest 1.svg
  artifactKey: Guid(553ccd941597e3846aaac0659ebacff8) Importer(815301076,1909f56bfc062723c751e8b465ee728b)
Start importing Assets/Images/16-rest 1.svg using Guid(553ccd941597e3846aaac0659ebacff8) Importer(815301076,1909f56bfc062723c751e8b465ee728b) Incomplete mesh data in Sprite. Please reimport or recreate the Sprite.
UnityEngine.StackTraceUtility:ExtractStackTrace ()
UnityEditor.PreviewRenderUtility:Render (bool,bool)
UnityEditor.GameObjectInspector:DoRenderPreview (UnityEditor.GameObjectInspector/PreviewData)
UnityEditor.GameObjectInspector:RenderStaticPreview (string,UnityEngine.Object[],int,int)
UnityEditor.AssetPreviewUpdater:CreatePreview (UnityEngine.Object,UnityEngine.Object[],string,int,int)
UnityEditor.AssetPreviewUpdater:CreatePreviewForAsset (UnityEngine.Object,UnityEngine.Object[],string)

[C:\build\output\unity\unity\Runtime\2D\Renderer\SpriteRendererJobs.cpp line 615]

 -> (artifact id: '9a1e5068552c1737db99933d7cfc8ac2') in 0.010745 seconds
Number of updated asset objects reloaded before import = 0
Number of asset objects unloaded after import = 7
========================================================================
Received Import Request.
  Time since last request: 4.682312 seconds.
  path: Assets/Images/16-rest.svg
  artifactKey: Guid(553ccd941597e3846aaac0659ebacff8) Importer(815301076,1909f56bfc062723c751e8b465ee728b)
Start importing Assets/Images/16-rest.svg using Guid(553ccd941597e3846aaac0659ebacff8) Importer(815301076,1909f56bfc062723c751e8b465ee728b) Incomplete mesh data in Sprite. Please reimport or recreate the Sprite.
UnityEngine.StackTraceUtility:ExtractStackTrace ()
UnityEditor.PreviewRenderUtility:Render (bool,bool)
UnityEditor.GameObjectInspector:DoRenderPreview (UnityEditor.GameObjectInspector/PreviewData)
UnityEditor.GameObjectInspector:RenderStaticPreview (string,UnityEngine.Object[],int,int)
UnityEditor.AssetPreviewUpdater:CreatePreview (UnityEngine.Object,UnityEngine.Object[],string,int,int)
UnityEditor.AssetPreviewUpdater:CreatePreviewForAsset (UnityEngine.Object,UnityEngine.Object[],string)

[C:\build\output\unity\unity\Runtime\2D\Renderer\SpriteRendererJobs.cpp line 615]

 -> (artifact id: 'f2a7ce62de0482c80547356115914756') in 0.006123 seconds
Number of updated asset objects reloaded before import = 0
Number of asset objects unloaded after import = 7
========================================================================
Received Import Request.
  Time since last request: 97.755443 seconds.
  path: Assets/Images/2-rest 1.svg
  artifactKey: Guid(f2969d497f621fa43b00ef74898a26fa) Importer(815301076,1909f56bfc062723c751e8b465ee728b)
Start importing Assets/Images/2-rest 1.svg using Guid(f2969d497f621fa43b00ef74898a26fa) Importer(815301076,1909f56bfc062723c751e8b465ee728b) Incomplete mesh data in Sprite. Please reimport or recreate the Sprite.
UnityEngine.StackTraceUtility:ExtractStackTrace ()
UnityEditor.PreviewRenderUtility:Render (bool,bool)
UnityEditor.GameObjectInspector:DoRenderPreview (UnityEditor.GameObjectInspector/PreviewData)
UnityEditor.GameObjectInspector:RenderStaticPreview (string,UnityEngine.Object[],int,int)
UnityEditor.AssetPreviewUpdater:CreatePreview (UnityEngine.Object,UnityEngine.Object[],string,int,int)
UnityEditor.AssetPreviewUpdater:CreatePreviewForAsset (UnityEngine.Object,UnityEngine.Object[],string)

[C:\build\output\unity\unity\Runtime\2D\Renderer\SpriteRendererJobs.cpp line 615]

 -> (artifact id: '99f9e66a15ed8a87323e58e9d9d6b9a2') in 0.011021 seconds
Number of updated asset objects reloaded before import = 0
Number of asset objects unloaded after import = 7
========================================================================
Received Import Request.
  Time since last request: 91.081909 seconds.
  path: Assets/Images/2-rest 1.svg
  artifactKey: Guid(f2969d497f621fa43b00ef74898a26fa) Importer(815301076,1909f56bfc062723c751e8b465ee728b)
Start importing Assets/Images/2-rest 1.svg using Guid(f2969d497f621fa43b00ef74898a26fa) Importer(815301076,1909f56bfc062723c751e8b465ee728b) Incomplete mesh data in Sprite. Please reimport or recreate the Sprite.
UnityEngine.StackTraceUtility:ExtractStackTrace ()
UnityEditor.PreviewRenderUtility:Render (bool,bool)
UnityEditor.GameObjectInspector:DoRenderPreview (UnityEditor.GameObjectInspector/PreviewData)
UnityEditor.GameObjectInspector:RenderStaticPreview (string,UnityEngine.Object[],int,int)
UnityEditor.AssetPreviewUpdater:CreatePreview (UnityEngine.Object,UnityEngine.Object[],string,int,int)
UnityEditor.AssetPreviewUpdater:CreatePreviewForAsset (UnityEngine.Object,UnityEngine.Object[],string)

[C:\build\output\unity\unity\Runtime\2D\Renderer\SpriteRendererJobs.cpp line 615]

 -> (artifact id: '08b921fcd22b3bc200248bb3e5d749b8') in 0.015455 seconds
Number of updated asset objects reloaded before import = 0
Number of asset objects unloaded after import = 7
========================================================================
Received Import Request.
  Time since last request: 614.334329 seconds.
  path: Assets/Images/2-rest 1.svg
  artifactKey: Guid(f2969d497f621fa43b00ef74898a26fa) Importer(815301076,1909f56bfc062723c751e8b465ee728b)
Start importing Assets/Images/2-rest 1.svg using Guid(f2969d497f621fa43b00ef74898a26fa) Importer(815301076,1909f56bfc062723c751e8b465ee728b) Incomplete mesh data in Sprite. Please reimport or recreate the Sprite.
UnityEngine.StackTraceUtility:ExtractStackTrace ()
UnityEditor.PreviewRenderUtility:Render (bool,bool)
UnityEditor.GameObjectInspector:DoRenderPreview (UnityEditor.GameObjectInspector/PreviewData)
UnityEditor.GameObjectInspector:RenderStaticPreview (string,UnityEngine.Object[],int,int)
UnityEditor.AssetPreviewUpdater:CreatePreview (UnityEngine.Object,UnityEngine.Object[],string,int,int)
UnityEditor.AssetPreviewUpdater:CreatePreviewForAsset (UnityEngine.Object,UnityEngine.Object[],string)

[C:\build\output\unity\unity\Runtime\2D\Renderer\SpriteRendererJobs.cpp line 615]

 -> (artifact id: '13150166896ee78bb1d2d5250b4fc1fa') in 0.010246 seconds
Number of updated asset objects reloaded before import = 0
Number of asset objects unloaded after import = 7
========================================================================
Received Import Request.
  Time since last request: 100.375384 seconds.
  path: Assets/Images/2-rest 1.svg
  artifactKey: Guid(f2969d497f621fa43b00ef74898a26fa) Importer(815301076,1909f56bfc062723c751e8b465ee728b)
Start importing Assets/Images/2-rest 1.svg using Guid(f2969d497f621fa43b00ef74898a26fa) Importer(815301076,1909f56bfc062723c751e8b465ee728b)  -> (artifact id: '257df824616ca47f05d6c71e95312497') in 0.021839 seconds
Number of updated asset objects reloaded before import = 0
Number of asset objects unloaded after import = 7
========================================================================
Received Import Request.
  Time since last request: 5.373042 seconds.
  path: Assets/Images/2-rest.svg
  artifactKey: Guid(f2969d497f621fa43b00ef74898a26fa) Importer(815301076,1909f56bfc062723c751e8b465ee728b)
Start importing Assets/Images/2-rest.svg using Guid(f2969d497f621fa43b00ef74898a26fa) Importer(815301076,1909f56bfc062723c751e8b465ee728b)  -> (artifact id: '17ef755ca39ea87ed1c2d44358079f1d') in 0.014101 seconds
Number of updated asset objects reloaded before import = 0
Number of asset objects unloaded after import = 7
========================================================================
Received Import Request.
  Time since last request: 61.205320 seconds.
  path: Assets/Images/4-rest 1.svg
  artifactKey: Guid(15dc3b0dbe3e6d841bfd00f55ca9b6ae) Importer(815301076,1909f56bfc062723c751e8b465ee728b)
Start importing Assets/Images/4-rest 1.svg using Guid(15dc3b0dbe3e6d841bfd00f55ca9b6ae) Importer(815301076,1909f56bfc062723c751e8b465ee728b) Incomplete mesh data in Sprite. Please reimport or recreate the Sprite.
UnityEngine.StackTraceUtility:ExtractStackTrace ()
UnityEditor.PreviewRenderUtility:Render (bool,bool)
UnityEditor.GameObjectInspector:DoRenderPreview (UnityEditor.GameObjectInspector/PreviewData)
UnityEditor.GameObjectInspector:RenderStaticPreview (string,UnityEngine.Object[],int,int)
UnityEditor.AssetPreviewUpdater:CreatePreview (UnityEngine.Object,UnityEngine.Object[],string,int,int)
UnityEditor.AssetPreviewUpdater:CreatePreviewForAsset (UnityEngine.Object,UnityEngine.Object[],string)

[C:\build\output\unity\unity\Runtime\2D\Renderer\SpriteRendererJobs.cpp line 615]

 -> (artifact id: 'ac90a3668f8881a0129cdc8ffa9acd5d') in 0.015179 seconds
Number of updated asset objects reloaded before import = 0
Number of asset objects unloaded after import = 7
========================================================================
Received Import Request.
  Time since last request: 42.306618 seconds.
  path: Assets/Images/4-rest 1.svg
  artifactKey: Guid(15dc3b0dbe3e6d841bfd00f55ca9b6ae) Importer(815301076,1909f56bfc062723c751e8b465ee728b)
Start importing Assets/Images/4-rest 1.svg using Guid(15dc3b0dbe3e6d841bfd00f55ca9b6ae) Importer(815301076,1909f56bfc062723c751e8b465ee728b) Incomplete mesh data in Sprite. Please reimport or recreate the Sprite.
UnityEngine.StackTraceUtility:ExtractStackTrace ()
UnityEditor.PreviewRenderUtility:Render (bool,bool)
UnityEditor.GameObjectInspector:DoRenderPreview (UnityEditor.GameObjectInspector/PreviewData)
UnityEditor.GameObjectInspector:RenderStaticPreview (string,UnityEngine.Object[],int,int)
UnityEditor.AssetPreviewUpdater:CreatePreview (UnityEngine.Object,UnityEngine.Object[],string,int,int)
UnityEditor.AssetPreviewUpdater:CreatePreviewForAsset (UnityEngine.Object,UnityEngine.Object[],string)

[C:\build\output\unity\unity\Runtime\2D\Renderer\SpriteRendererJobs.cpp line 615]

 -> (artifact id: '37cdc23a0d9b92c2e5833eb5b02eed81') in 0.010929 seconds
Number of updated asset objects reloaded before import = 0
Number of asset objects unloaded after import = 7
========================================================================
Received Import Request.
  Time since last request: 55.375611 seconds.
  path: Assets/Images/4-rest 1.svg
  artifactKey: Guid(15dc3b0dbe3e6d841bfd00f55ca9b6ae) Importer(815301076,1909f56bfc062723c751e8b465ee728b)
Start importing Assets/Images/4-rest 1.svg using Guid(15dc3b0dbe3e6d841bfd00f55ca9b6ae) Importer(815301076,1909f56bfc062723c751e8b465ee728b) Incomplete mesh data in Sprite. Please reimport or recreate the Sprite.
UnityEngine.StackTraceUtility:ExtractStackTrace ()
UnityEditor.PreviewRenderUtility:Render (bool,bool)
UnityEditor.GameObjectInspector:DoRenderPreview (UnityEditor.GameObjectInspector/PreviewData)
UnityEditor.GameObjectInspector:RenderStaticPreview (string,UnityEngine.Object[],int,int)
UnityEditor.AssetPreviewUpdater:CreatePreview (UnityEngine.Object,UnityEngine.Object[],string,int,int)
UnityEditor.AssetPreviewUpdater:CreatePreviewForAsset (UnityEngine.Object,UnityEngine.Object[],string)

[C:\build\output\unity\unity\Runtime\2D\Renderer\SpriteRendererJobs.cpp line 615]

 -> (artifact id: '46574ad4f9ec2be8938017014ebcf485') in 0.006648 seconds
Number of updated asset objects reloaded before import = 0
Number of asset objects unloaded after import = 7
========================================================================
Received Import Request.
  Time since last request: 91.861744 seconds.
  path: Assets/Images/4-rest 1.svg
  artifactKey: Guid(15dc3b0dbe3e6d841bfd00f55ca9b6ae) Importer(815301076,1909f56bfc062723c751e8b465ee728b)
Start importing Assets/Images/4-rest 1.svg using Guid(15dc3b0dbe3e6d841bfd00f55ca9b6ae) Importer(815301076,1909f56bfc062723c751e8b465ee728b) Incomplete mesh data in Sprite. Please reimport or recreate the Sprite.
UnityEngine.StackTraceUtility:ExtractStackTrace ()
UnityEditor.PreviewRenderUtility:Render (bool,bool)
UnityEditor.GameObjectInspector:DoRenderPreview (UnityEditor.GameObjectInspector/PreviewData)
UnityEditor.GameObjectInspector:RenderStaticPreview (string,UnityEngine.Object[],int,int)
UnityEditor.AssetPreviewUpdater:CreatePreview (UnityEngine.Object,UnityEngine.Object[],string,int,int)
UnityEditor.AssetPreviewUpdater:CreatePreviewForAsset (UnityEngine.Object,UnityEngine.Object[],string)

[C:\build\output\unity\unity\Runtime\2D\Renderer\SpriteRendererJobs.cpp line 615]

 -> (artifact id: 'c5a2b920408539c543dcb6c68951e28d') in 0.010410 seconds
Number of updated asset objects reloaded before import = 0
Number of asset objects unloaded after import = 7
========================================================================
Received Import Request.
  Time since last request: 151.872817 seconds.
  path: Assets/Images/4-rest 1.svg
  artifactKey: Guid(15dc3b0dbe3e6d841bfd00f55ca9b6ae) Importer(815301076,1909f56bfc062723c751e8b465ee728b)
Start importing Assets/Images/4-rest 1.svg using Guid(15dc3b0dbe3e6d841bfd00f55ca9b6ae) Importer(815301076,1909f56bfc062723c751e8b465ee728b) Incomplete mesh data in Sprite. Please reimport or recreate the Sprite.
UnityEngine.StackTraceUtility:ExtractStackTrace ()
UnityEditor.PreviewRenderUtility:Render (bool,bool)
UnityEditor.GameObjectInspector:DoRenderPreview (UnityEditor.GameObjectInspector/PreviewData)
UnityEditor.GameObjectInspector:RenderStaticPreview (string,UnityEngine.Object[],int,int)
UnityEditor.AssetPreviewUpdater:CreatePreview (UnityEngine.Object,UnityEngine.Object[],string,int,int)
UnityEditor.AssetPreviewUpdater:CreatePreviewForAsset (UnityEngine.Object,UnityEngine.Object[],string)

[C:\build\output\unity\unity\Runtime\2D\Renderer\SpriteRendererJobs.cpp line 615]

 -> (artifact id: '838c611042df57f452fec3fee6b1a21b') in 0.005434 seconds
Number of updated asset objects reloaded before import = 0
Number of asset objects unloaded after import = 7
========================================================================
Received Import Request.
  Time since last request: 63.414631 seconds.
  path: Assets/Images/4-rest 1.svg
  artifactKey: Guid(15dc3b0dbe3e6d841bfd00f55ca9b6ae) Importer(815301076,1909f56bfc062723c751e8b465ee728b)
Start importing Assets/Images/4-rest 1.svg using Guid(15dc3b0dbe3e6d841bfd00f55ca9b6ae) Importer(815301076,1909f56bfc062723c751e8b465ee728b) Incomplete mesh data in Sprite. Please reimport or recreate the Sprite.
UnityEngine.StackTraceUtility:ExtractStackTrace ()
UnityEditor.PreviewRenderUtility:Render (bool,bool)
UnityEditor.GameObjectInspector:DoRenderPreview (UnityEditor.GameObjectInspector/PreviewData)
UnityEditor.GameObjectInspector:RenderStaticPreview (string,UnityEngine.Object[],int,int)
UnityEditor.AssetPreviewUpdater:CreatePreview (UnityEngine.Object,UnityEngine.Object[],string,int,int)
UnityEditor.AssetPreviewUpdater:CreatePreviewForAsset (UnityEngine.Object,UnityEngine.Object[],string)

[C:\build\output\unity\unity\Runtime\2D\Renderer\SpriteRendererJobs.cpp line 615]

 -> (artifact id: 'ce8438552e6e245c11028ff06868eb63') in 0.011377 seconds
Number of updated asset objects reloaded before import = 0
Number of asset objects unloaded after import = 7
========================================================================
Received Import Request.
  Time since last request: 138.586332 seconds.
  path: Assets/Images/8-rest 1.svg
  artifactKey: Guid(edc8df0ca72f6964f96ebbfb5a37c0f5) Importer(815301076,1909f56bfc062723c751e8b465ee728b)
Start importing Assets/Images/8-rest 1.svg using Guid(edc8df0ca72f6964f96ebbfb5a37c0f5) Importer(815301076,1909f56bfc062723c751e8b465ee728b) Incomplete mesh data in Sprite. Please reimport or recreate the Sprite.
UnityEngine.StackTraceUtility:ExtractStackTrace ()
UnityEditor.PreviewRenderUtility:Render (bool,bool)
UnityEditor.GameObjectInspector:DoRenderPreview (UnityEditor.GameObjectInspector/PreviewData)
UnityEditor.GameObjectInspector:RenderStaticPreview (string,UnityEngine.Object[],int,int)
UnityEditor.AssetPreviewUpdater:CreatePreview (UnityEngine.Object,UnityEngine.Object[],string,int,int)
UnityEditor.AssetPreviewUpdater:CreatePreviewForAsset (UnityEngine.Object,UnityEngine.Object[],string)

[C:\build\output\unity\unity\Runtime\2D\Renderer\SpriteRendererJobs.cpp line 615]

 -> (artifact id: '9e84b3625ca658f2ebf1b002e257740b') in 0.011781 seconds
Number of updated asset objects reloaded before import = 0
Number of asset objects unloaded after import = 7
========================================================================
Received Import Request.
  Time since last request: 28.187747 seconds.
  path: Assets/Images/8-rest 1.svg
  artifactKey: Guid(edc8df0ca72f6964f96ebbfb5a37c0f5) Importer(815301076,1909f56bfc062723c751e8b465ee728b)
Start importing Assets/Images/8-rest 1.svg using Guid(edc8df0ca72f6964f96ebbfb5a37c0f5) Importer(815301076,1909f56bfc062723c751e8b465ee728b) Incomplete mesh data in Sprite. Please reimport or recreate the Sprite.
UnityEngine.StackTraceUtility:ExtractStackTrace ()
UnityEditor.PreviewRenderUtility:Render (bool,bool)
UnityEditor.GameObjectInspector:DoRenderPreview (UnityEditor.GameObjectInspector/PreviewData)
UnityEditor.GameObjectInspector:RenderStaticPreview (string,UnityEngine.Object[],int,int)
UnityEditor.AssetPreviewUpdater:CreatePreview (UnityEngine.Object,UnityEngine.Object[],string,int,int)
UnityEditor.AssetPreviewUpdater:CreatePreviewForAsset (UnityEngine.Object,UnityEngine.Object[],string)

[C:\build\output\unity\unity\Runtime\2D\Renderer\SpriteRendererJobs.cpp line 615]

 -> (artifact id: 'ac5d72f50753ea7578f639da01de9b7a') in 0.018281 seconds
Number of updated asset objects reloaded before import = 0
Number of asset objects unloaded after import = 7
========================================================================
Received Import Request.
  Time since last request: 169.563663 seconds.
  path: Assets/Images/8-rest 1.svg
  artifactKey: Guid(edc8df0ca72f6964f96ebbfb5a37c0f5) Importer(815301076,1909f56bfc062723c751e8b465ee728b)
Start importing Assets/Images/8-rest 1.svg using Guid(edc8df0ca72f6964f96ebbfb5a37c0f5) Importer(815301076,1909f56bfc062723c751e8b465ee728b) Incomplete mesh data in Sprite. Please reimport or recreate the Sprite.
UnityEngine.StackTraceUtility:ExtractStackTrace ()
UnityEditor.PreviewRenderUtility:Render (bool,bool)
UnityEditor.GameObjectInspector:DoRenderPreview (UnityEditor.GameObjectInspector/PreviewData)
UnityEditor.GameObjectInspector:RenderStaticPreview (string,UnityEngine.Object[],int,int)
UnityEditor.AssetPreviewUpdater:CreatePreview (UnityEngine.Object,UnityEngine.Object[],string,int,int)
UnityEditor.AssetPreviewUpdater:CreatePreviewForAsset (UnityEngine.Object,UnityEngine.Object[],string)

[C:\build\output\unity\unity\Runtime\2D\Renderer\SpriteRendererJobs.cpp line 615]

 -> (artifact id: '6fb009896b4f4570b1569b021d0438f8') in 0.008692 seconds
Number of updated asset objects reloaded before import = 0
Number of asset objects unloaded after import = 7
========================================================================
Received Import Request.
  Time since last request: 40.173954 seconds.
  path: Assets/Images/8-rest 1.svg
  artifactKey: Guid(edc8df0ca72f6964f96ebbfb5a37c0f5) Importer(815301076,1909f56bfc062723c751e8b465ee728b)
Start importing Assets/Images/8-rest 1.svg using Guid(edc8df0ca72f6964f96ebbfb5a37c0f5) Importer(815301076,1909f56bfc062723c751e8b465ee728b) Incomplete mesh data in Sprite. Please reimport or recreate the Sprite.
UnityEngine.StackTraceUtility:ExtractStackTrace ()
UnityEditor.PreviewRenderUtility:Render (bool,bool)
UnityEditor.GameObjectInspector:DoRenderPreview (UnityEditor.GameObjectInspector/PreviewData)
UnityEditor.GameObjectInspector:RenderStaticPreview (string,UnityEngine.Object[],int,int)
UnityEditor.AssetPreviewUpdater:CreatePreview (UnityEngine.Object,UnityEngine.Object[],string,int,int)
UnityEditor.AssetPreviewUpdater:CreatePreviewForAsset (UnityEngine.Object,UnityEngine.Object[],string)

[C:\build\output\unity\unity\Runtime\2D\Renderer\SpriteRendererJobs.cpp line 615]

 -> (artifact id: '611c368c97f553711cce269d1a9dd474') in 0.009603 seconds
Number of updated asset objects reloaded before import = 0
Number of asset objects unloaded after import = 7
========================================================================
Received Import Request.
  Time since last request: 218.585255 seconds.
  path: Assets/Images/.svg
  artifactKey: Guid(3046ad1d564b3b54e954613716b4319f) Importer(815301076,1909f56bfc062723c751e8b465ee728b)
Start importing Assets/Images/.svg using Guid(3046ad1d564b3b54e954613716b4319f) Importer(815301076,1909f56bfc062723c751e8b465ee728b) Incomplete mesh data in Sprite. Please reimport or recreate the Sprite.
UnityEngine.StackTraceUtility:ExtractStackTrace ()
UnityEditor.PreviewRenderUtility:Render (bool,bool)
UnityEditor.GameObjectInspector:DoRenderPreview (UnityEditor.GameObjectInspector/PreviewData)
UnityEditor.GameObjectInspector:RenderStaticPreview (string,UnityEngine.Object[],int,int)
UnityEditor.AssetPreviewUpdater:CreatePreview (UnityEngine.Object,UnityEngine.Object[],string,int,int)
UnityEditor.AssetPreviewUpdater:CreatePreviewForAsset (UnityEngine.Object,UnityEngine.Object[],string)

[C:\build\output\unity\unity\Runtime\2D\Renderer\SpriteRendererJobs.cpp line 615]

 -> (artifact id: '507b7a55bfa8f2f042c019608ca44229') in 0.008485 seconds
Number of updated asset objects reloaded before import = 0
Number of asset objects unloaded after import = 7
========================================================================
Received Import Request.
  Time since last request: 85.560990 seconds.
  path: Assets/Images/8-rest 1.svg
  artifactKey: Guid(edc8df0ca72f6964f96ebbfb5a37c0f5) Importer(815301076,1909f56bfc062723c751e8b465ee728b)
Start importing Assets/Images/8-rest 1.svg using Guid(edc8df0ca72f6964f96ebbfb5a37c0f5) Importer(815301076,1909f56bfc062723c751e8b465ee728b) Incomplete mesh data in Sprite. Please reimport or recreate the Sprite.
UnityEngine.StackTraceUtility:ExtractStackTrace ()
UnityEditor.PreviewRenderUtility:Render (bool,bool)
UnityEditor.GameObjectInspector:DoRenderPreview (UnityEditor.GameObjectInspector/PreviewData)
UnityEditor.GameObjectInspector:RenderStaticPreview (string,UnityEngine.Object[],int,int)
UnityEditor.AssetPreviewUpdater:CreatePreview (UnityEngine.Object,UnityEngine.Object[],string,int,int)
UnityEditor.AssetPreviewUpdater:CreatePreviewForAsset (UnityEngine.Object,UnityEngine.Object[],string)

[C:\build\output\unity\unity\Runtime\2D\Renderer\SpriteRendererJobs.cpp line 615]

 -> (artifact id: '7df8a2bd0d02f49ae1384781d71815b4') in 0.012952 seconds
Number of updated asset objects reloaded before import = 0
Number of asset objects unloaded after import = 7
========================================================================
Received Import Request.
  Time since last request: 85.755118 seconds.
  path: Assets/Images/8-rest_fixed.svg
  artifactKey: Guid(fa26d6cc6d733ac46afcf1a8f312203c) Importer(815301076,1909f56bfc062723c751e8b465ee728b)
Start importing Assets/Images/8-rest_fixed.svg using Guid(fa26d6cc6d733ac46afcf1a8f312203c) Importer(815301076,1909f56bfc062723c751e8b465ee728b) Incomplete mesh data in Sprite. Please reimport or recreate the Sprite.
UnityEngine.StackTraceUtility:ExtractStackTrace ()
UnityEditor.PreviewRenderUtility:Render (bool,bool)
UnityEditor.GameObjectInspector:DoRenderPreview (UnityEditor.GameObjectInspector/PreviewData)
UnityEditor.GameObjectInspector:RenderStaticPreview (string,UnityEngine.Object[],int,int)
UnityEditor.AssetPreviewUpdater:CreatePreview (UnityEngine.Object,UnityEngine.Object[],string,int,int)
UnityEditor.AssetPreviewUpdater:CreatePreviewForAsset (UnityEngine.Object,UnityEngine.Object[],string)

[C:\build\output\unity\unity\Runtime\2D\Renderer\SpriteRendererJobs.cpp line 615]

 -> (artifact id: '84482a34edb103d5026633ffd6ce6898') in 0.015118 seconds
Number of updated asset objects reloaded before import = 0
Number of asset objects unloaded after import = 7
========================================================================
Received Import Request.
  Time since last request: 93.323903 seconds.
  path: Assets/Images/8-rest 1.svg
  artifactKey: Guid(edc8df0ca72f6964f96ebbfb5a37c0f5) Importer(815301076,1909f56bfc062723c751e8b465ee728b)
Start importing Assets/Images/8-rest 1.svg using Guid(edc8df0ca72f6964f96ebbfb5a37c0f5) Importer(815301076,1909f56bfc062723c751e8b465ee728b) Incomplete mesh data in Sprite. Please reimport or recreate the Sprite.
UnityEngine.StackTraceUtility:ExtractStackTrace ()
UnityEditor.PreviewRenderUtility:Render (bool,bool)
UnityEditor.GameObjectInspector:DoRenderPreview (UnityEditor.GameObjectInspector/PreviewData)
UnityEditor.GameObjectInspector:RenderStaticPreview (string,UnityEngine.Object[],int,int)
UnityEditor.AssetPreviewUpdater:CreatePreview (UnityEngine.Object,UnityEngine.Object[],string,int,int)
UnityEditor.AssetPreviewUpdater:CreatePreviewForAsset (UnityEngine.Object,UnityEngine.Object[],string)

[C:\build\output\unity\unity\Runtime\2D\Renderer\SpriteRendererJobs.cpp line 615]

 -> (artifact id: '091bc3cf2f3b9c035464e7525231b947') in 0.008381 seconds
Number of updated asset objects reloaded before import = 0
Number of asset objects unloaded after import = 7
========================================================================
Received Import Request.
  Time since last request: 12.746309 seconds.
  path: Assets/Images/8-rest_final_fixed.svg
  artifactKey: Guid(16a60c6ee42d9d742b0922a7f5779afc) Importer(815301076,1909f56bfc062723c751e8b465ee728b)
Start importing Assets/Images/8-rest_final_fixed.svg using Guid(16a60c6ee42d9d742b0922a7f5779afc) Importer(815301076,1909f56bfc062723c751e8b465ee728b) Incomplete mesh data in Sprite. Please reimport or recreate the Sprite.
UnityEngine.StackTraceUtility:ExtractStackTrace ()
UnityEditor.PreviewRenderUtility:Render (bool,bool)
UnityEditor.GameObjectInspector:DoRenderPreview (UnityEditor.GameObjectInspector/PreviewData)
UnityEditor.GameObjectInspector:RenderStaticPreview (string,UnityEngine.Object[],int,int)
UnityEditor.AssetPreviewUpdater:CreatePreview (UnityEngine.Object,UnityEngine.Object[],string,int,int)
UnityEditor.AssetPreviewUpdater:CreatePreviewForAsset (UnityEngine.Object,UnityEngine.Object[],string)

[C:\build\output\unity\unity\Runtime\2D\Renderer\SpriteRendererJobs.cpp line 615]

 -> (artifact id: 'ee332eadfce27e8746f0d8a901beb90f') in 0.010362 seconds
Number of updated asset objects reloaded before import = 0
Number of asset objects unloaded after import = 7
========================================================================
Received Import Request.
  Time since last request: 211.885557 seconds.
  path: Assets/Images/8-rest 1.svg
  artifactKey: Guid(edc8df0ca72f6964f96ebbfb5a37c0f5) Importer(815301076,1909f56bfc062723c751e8b465ee728b)
Start importing Assets/Images/8-rest 1.svg using Guid(edc8df0ca72f6964f96ebbfb5a37c0f5) Importer(815301076,1909f56bfc062723c751e8b465ee728b)  -> (artifact id: '222a48082794a54fc8b9fe6f9a964d9c') in 0.020856 seconds
Number of updated asset objects reloaded before import = 0
Number of asset objects unloaded after import = 7
========================================================================
Received Import Request.
  Time since last request: 8.399191 seconds.
  path: Assets/Images/8-rest.svg
  artifactKey: Guid(edc8df0ca72f6964f96ebbfb5a37c0f5) Importer(815301076,1909f56bfc062723c751e8b465ee728b)
Start importing Assets/Images/8-rest.svg using Guid(edc8df0ca72f6964f96ebbfb5a37c0f5) Importer(815301076,1909f56bfc062723c751e8b465ee728b)  -> (artifact id: 'b8b78ad3d90b345f03537b8c404637f9') in 0.019151 seconds
Number of updated asset objects reloaded before import = 0
Number of asset objects unloaded after import = 7
========================================================================
Received Import Request.
  Time since last request: 62.906328 seconds.
  path: Assets/Images/4-rest 1.svg
  artifactKey: Guid(15dc3b0dbe3e6d841bfd00f55ca9b6ae) Importer(815301076,1909f56bfc062723c751e8b465ee728b)
Start importing Assets/Images/4-rest 1.svg using Guid(15dc3b0dbe3e6d841bfd00f55ca9b6ae) Importer(815301076,1909f56bfc062723c751e8b465ee728b)  -> (artifact id: '27d7f8d3b723f60f6f0eecd27c914095') in 0.028402 seconds
Number of updated asset objects reloaded before import = 0
Number of asset objects unloaded after import = 7
========================================================================
Received Import Request.
  Time since last request: 5.692435 seconds.
  path: Assets/Images/4-rest.svg
  artifactKey: Guid(15dc3b0dbe3e6d841bfd00f55ca9b6ae) Importer(815301076,1909f56bfc062723c751e8b465ee728b)
Start importing Assets/Images/4-rest.svg using Guid(15dc3b0dbe3e6d841bfd00f55ca9b6ae) Importer(815301076,1909f56bfc062723c751e8b465ee728b)  -> (artifact id: '9fe1bd622dc98656f088b9c006383f91') in 0.009386 seconds
Number of updated asset objects reloaded before import = 0
Number of asset objects unloaded after import = 7
========================================================================
Received Import Request.
  Time since last request: 51.823358 seconds.
  path: Assets/Images/16-rest 1.svg
  artifactKey: Guid(7bb4d306390f0744ba56753b4434ac78) Importer(815301076,1909f56bfc062723c751e8b465ee728b)
Start importing Assets/Images/16-rest 1.svg using Guid(7bb4d306390f0744ba56753b4434ac78) Importer(815301076,1909f56bfc062723c751e8b465ee728b)  -> (artifact id: '6d6f27381f1a1ed6ca17f6e5365aee22') in 0.023107 seconds
Number of updated asset objects reloaded before import = 0
Number of asset objects unloaded after import = 7
========================================================================
Received Import Request.
  Time since last request: 5.704683 seconds.
  path: Assets/Images/16-rest.svg
  artifactKey: Guid(7bb4d306390f0744ba56753b4434ac78) Importer(815301076,1909f56bfc062723c751e8b465ee728b)
Start importing Assets/Images/16-rest.svg using Guid(7bb4d306390f0744ba56753b4434ac78) Importer(815301076,1909f56bfc062723c751e8b465ee728b)  -> (artifact id: 'af8d64b99a6c205aed7f01254ff7efc3') in 0.010430 seconds
Number of updated asset objects reloaded before import = 0
Number of asset objects unloaded after import = 7
========================================================================
Received Import Request.
  Time since last request: 115.636153 seconds.
  path: Assets/Images/dot 1.svg
  artifactKey: Guid(72a91c388b3c13d48a0912e022ec286d) Importer(815301076,1909f56bfc062723c751e8b465ee728b)
Start importing Assets/Images/dot 1.svg using Guid(72a91c388b3c13d48a0912e022ec286d) Importer(815301076,1909f56bfc062723c751e8b465ee728b)  -> (artifact id: 'e717c88d25ca1175749ec9e212c4f5c4') in 0.024982 seconds
Number of updated asset objects reloaded before import = 0
Number of asset objects unloaded after import = 7
========================================================================
Received Import Request.
  Time since last request: 4.971816 seconds.
  path: Assets/Images/dot.svg
  artifactKey: Guid(72a91c388b3c13d48a0912e022ec286d) Importer(815301076,1909f56bfc062723c751e8b465ee728b)
Start importing Assets/Images/dot.svg using Guid(72a91c388b3c13d48a0912e022ec286d) Importer(815301076,1909f56bfc062723c751e8b465ee728b)  -> (artifact id: '14f7e5e0f88632af4490cddd5a19c858') in 0.009620 seconds
Number of updated asset objects reloaded before import = 0
Number of asset objects unloaded after import = 7
========================================================================
Received Import Request.
  Time since last request: 55.769128 seconds.
  path: Assets/Images/ledger-line.svg
  artifactKey: Guid(f2caf831f6b79084bba1480367e3f96b) Importer(815301076,1909f56bfc062723c751e8b465ee728b)
Start importing Assets/Images/ledger-line.svg using Guid(f2caf831f6b79084bba1480367e3f96b) Importer(815301076,1909f56bfc062723c751e8b465ee728b)  -> (artifact id: 'c30889011ef3b7e063c6a1f9047278c8') in 0.018120 seconds
Number of updated asset objects reloaded before import = 0
Number of asset objects unloaded after import = 7
========================================================================
Received Import Request.
  Time since last request: 60.079990 seconds.
  path: Assets/Images/2-rest.svg
  artifactKey: Guid(f2969d497f621fa43b00ef74898a26fa) Importer(815301076,1909f56bfc062723c751e8b465ee728b)
Start importing Assets/Images/2-rest.svg using Guid(f2969d497f621fa43b00ef74898a26fa) Importer(815301076,1909f56bfc062723c751e8b465ee728b)  -> (artifact id: '9d8f249c3f7ab48f7f2123d3070b6ffe') in 0.014982 seconds
Number of updated asset objects reloaded before import = 0
Number of asset objects unloaded after import = 7
