Using pre-set license
Built from '2022.3/staging' branch; Version is '2022.3.22f1 (887be4894c44) revision 8944612'; Using compiler version '192829333'; Build Type 'Release'
OS: 'Windows 10  (10.0.19044) 64bit IoTEnterpriseS' Language: 'ko' Physical Memory: 32397 MB
BatchMode: 1, IsHumanControllingUs: 0, StartBugReporterOnCrash: 0, Is64bit: 1, IsPro: 1

COMMAND LINE ARGUMENTS:
C:\Program Files\Unity\Hub\Editor\2022.3.22f1\Editor\Unity.exe
-adb2
-batchMode
-noUpm
-name
AssetImportWorker1
-projectPath
D:/Programming_Works/Unity_flutter/Doremi_Doremi/Doremi_Doremi
-logFile
Logs/AssetImportWorker1.log
-srvPort
50894
Successfully changed project path to: D:/Programming_Works/Unity_flutter/Doremi_Doremi/Doremi_Doremi
D:/Programming_Works/Unity_flutter/Doremi_Doremi/Doremi_Doremi
[UnityMemory] Configuration Parameters - Can be set up in boot.config
    "memorysetup-bucket-allocator-granularity=16"
    "memorysetup-bucket-allocator-bucket-count=8"
    "memorysetup-bucket-allocator-block-size=33554432"
    "memorysetup-bucket-allocator-block-count=8"
    "memorysetup-main-allocator-block-size=16777216"
    "memorysetup-thread-allocator-block-size=16777216"
    "memorysetup-gfx-main-allocator-block-size=16777216"
    "memorysetup-gfx-thread-allocator-block-size=16777216"
    "memorysetup-cache-allocator-block-size=4194304"
    "memorysetup-typetree-allocator-block-size=2097152"
    "memorysetup-profiler-bucket-allocator-granularity=16"
    "memorysetup-profiler-bucket-allocator-bucket-count=8"
    "memorysetup-profiler-bucket-allocator-block-size=33554432"
    "memorysetup-profiler-bucket-allocator-block-count=8"
    "memorysetup-profiler-allocator-block-size=16777216"
    "memorysetup-profiler-editor-allocator-block-size=1048576"
    "memorysetup-temp-allocator-size-main=16777216"
    "memorysetup-job-temp-allocator-block-size=2097152"
    "memorysetup-job-temp-allocator-block-size-background=1048576"
    "memorysetup-job-temp-allocator-reduction-small-platforms=262144"
    "memorysetup-allocator-temp-initial-block-size-main=262144"
    "memorysetup-allocator-temp-initial-block-size-worker=262144"
    "memorysetup-temp-allocator-size-background-worker=32768"
    "memorysetup-temp-allocator-size-job-worker=262144"
    "memorysetup-temp-allocator-size-preload-manager=33554432"
    "memorysetup-temp-allocator-size-nav-mesh-worker=65536"
    "memorysetup-temp-allocator-size-audio-worker=65536"
    "memorysetup-temp-allocator-size-cloud-worker=32768"
    "memorysetup-temp-allocator-size-gi-baking-worker=262144"
    "memorysetup-temp-allocator-size-gfx=262144"
Player connection [5716] Host "[IP] 172.30.1.42 [Port] 0 [Flags] 2 [Guid] 1210428678 [EditorId] 1210428678 [Version] 1048832 [Id] WindowsEditor(7,BIK-GAME) [Debug] 1 [PackageName] WindowsEditor [ProjectName] Editor" joined multi-casting on [225.0.0.222:54997]...

Player connection [5716] Host "[IP] 172.30.1.42 [Port] 0 [Flags] 2 [Guid] 1210428678 [EditorId] 1210428678 [Version] 1048832 [Id] WindowsEditor(7,BIK-GAME) [Debug] 1 [PackageName] WindowsEditor [ProjectName] Editor" joined alternative multi-casting on [225.0.0.222:34997]...

[Physics::Module] Initialized MultithreadedJobDispatcher with 11 workers.
Refreshing native plugins compatible for Editor in 5.49 ms, found 3 plugins.
Preloading 0 native plugins for Editor in 0.00 ms.
Initialize engine version: 2022.3.22f1 (887be4894c44)
[Subsystems] Discovering subsystems at path C:/Program Files/Unity/Hub/Editor/2022.3.22f1/Editor/Data/Resources/UnitySubsystems
[Subsystems] Discovering subsystems at path D:/Programming_Works/Unity_flutter/Doremi_Doremi/Doremi_Doremi/Assets
GfxDevice: creating device client; threaded=0; jobified=0
Direct3D:
    Version:  Direct3D 11.0 [level 11.1]
    Renderer: NVIDIA GeForce RTX 4070 Ti SUPER (ID=0x2705)
    Vendor:   NVIDIA
    VRAM:     16063 MB
    Driver:   32.0.15.6614
Initialize mono
Mono path[0] = 'C:/Program Files/Unity/Hub/Editor/2022.3.22f1/Editor/Data/Managed'
Mono path[1] = 'C:/Program Files/Unity/Hub/Editor/2022.3.22f1/Editor/Data/MonoBleedingEdge/lib/mono/unityjit-win32'
Mono config path = 'C:/Program Files/Unity/Hub/Editor/2022.3.22f1/Editor/Data/MonoBleedingEdge/etc'
Using monoOptions --debugger-agent=transport=dt_socket,embedding=1,server=y,suspend=n,address=127.0.0.1:56212
Begin MonoManager ReloadAssembly
Registering precompiled unity dll's ...
Register platform support module: C:/Program Files/Unity/Hub/Editor/2022.3.22f1/Editor/Data/PlaybackEngines/AndroidPlayer/UnityEditor.Android.Extensions.dll
Register platform support module: C:/Program Files/Unity/Hub/Editor/2022.3.22f1/Editor/Data/PlaybackEngines/WindowsStandaloneSupport/UnityEditor.WindowsStandalone.Extensions.dll
Registered in 0.006456 seconds.
- Loaded All Assemblies, in  0.248 seconds
Native extension for WindowsStandalone target not found
Native extension for Android target not found
Android Extension - Scanning For ADB Devices 211 ms
Mono: successfully reloaded assembly
- Finished resetting the current domain, in  0.453 seconds
Domain Reload Profiling: 701ms
	BeginReloadAssembly (69ms)
		ExecutionOrderSort (0ms)
		DisableScriptedObjects (0ms)
		BackupInstance (0ms)
		ReleaseScriptingObjects (0ms)
		CreateAndSetChildDomain (0ms)
	RebuildCommonClasses (22ms)
	RebuildNativeTypeToScriptingClass (8ms)
	initialDomainReloadingComplete (40ms)
	LoadAllAssembliesAndSetupDomain (108ms)
		LoadAssemblies (68ms)
		RebuildTransferFunctionScriptingTraits (0ms)
		AnalyzeDomain (107ms)
			TypeCache.Refresh (106ms)
				TypeCache.ScanAssembly (97ms)
			ScanForSourceGeneratedMonoScriptInfo (0ms)
			ResolveRequiredComponents (0ms)
	FinalizeReload (454ms)
		ReleaseScriptCaches (0ms)
		RebuildScriptCaches (0ms)
		SetupLoadedEditorAssemblies (410ms)
			LogAssemblyErrors (0ms)
			InitializePlatformSupportModulesInManaged (297ms)
			SetLoadedEditorAssemblies (2ms)
			RefreshPlugins (0ms)
			BeforeProcessingInitializeOnLoad (1ms)
			ProcessInitializeOnLoadAttributes (76ms)
			ProcessInitializeOnLoadMethodAttributes (33ms)
			AfterProcessingInitializeOnLoad (0ms)
			EditorAssembliesLoaded (0ms)
		ExecutionOrderSort2 (0ms)
		AwakeInstancesAfterBackupRestoration (0ms)
========================================================================
Worker process is ready to serve import requests
Begin MonoManager ReloadAssembly
Symbol file data-000002308E612010 doesn't match image D:\Programming_Works\Unity_flutter\Doremi_Doremi\Doremi_Doremi\Library\ScriptAssemblies\Unity.EditorCoroutines.Editor.dll
Symbol file LoadedFromMemory is not a mono symbol file
Symbol file data-000002306C511020 doesn't match image D:\Programming_Works\Unity_flutter\Doremi_Doremi\Doremi_Doremi\Library\ScriptAssemblies\Unity.Timeline.Editor.dll
Symbol file LoadedFromMemory is not a mono symbol file
Symbol file data-000002308E612010 doesn't match image D:\Programming_Works\Unity_flutter\Doremi_Doremi\Doremi_Doremi\Library\ScriptAssemblies\Unity.VisualScripting.Shared.Editor.dll
Symbol file LoadedFromMemory is not a mono symbol file
Symbol file data-000002308E000010 doesn't match image D:\Programming_Works\Unity_flutter\Doremi_Doremi\Doremi_Doremi\Library\ScriptAssemblies\Unity.VisualStudio.Editor.dll
Symbol file LoadedFromMemory is not a mono symbol file
Symbol file data-000002308E000010 doesn't match image D:\Programming_Works\Unity_flutter\Doremi_Doremi\Doremi_Doremi\Library\ScriptAssemblies\UnityEditor.UI.dll
Symbol file LoadedFromMemory is not a mono symbol file
Symbol file data-000002306BA40080 doesn't match image D:\Programming_Works\Unity_flutter\Doremi_Doremi\Doremi_Doremi\Library\ScriptAssemblies\Unity.VisualScripting.Core.dll
Symbol file LoadedFromMemory is not a mono symbol file
Symbol file data-000002306C566070 doesn't match image D:\Programming_Works\Unity_flutter\Doremi_Doremi\Doremi_Doremi\Library\ScriptAssemblies\UnityEngine.UI.dll
Symbol file LoadedFromMemory is not a mono symbol file
Symbol file data-000002306C566070 doesn't match image D:\Programming_Works\Unity_flutter\Doremi_Doremi\Doremi_Doremi\Library\ScriptAssemblies\Unity.VisualScripting.Core.Editor.dll
Symbol file LoadedFromMemory is not a mono symbol file
Symbol file data-000002306C54A840 doesn't match image D:\Programming_Works\Unity_flutter\Doremi_Doremi\Doremi_Doremi\Library\ScriptAssemblies\Unity.Rider.Editor.dll
Symbol file LoadedFromMemory is not a mono symbol file
Symbol file data-000002306BA81890 doesn't match image D:\Programming_Works\Unity_flutter\Doremi_Doremi\Doremi_Doremi\Library\ScriptAssemblies\Unity.2D.Sprite.Editor.dll
Symbol file LoadedFromMemory is not a mono symbol file
Symbol file data-000002306BA81890 doesn't match image D:\Programming_Works\Unity_flutter\Doremi_Doremi\Doremi_Doremi\Library\ScriptAssemblies\UnityEditor.TestRunner.dll
Symbol file LoadedFromMemory is not a mono symbol file
Symbol file data-000002306C593680 doesn't match image D:\Programming_Works\Unity_flutter\Doremi_Doremi\Doremi_Doremi\Library\ScriptAssemblies\Unity.VisualScripting.Flow.dll
Symbol file LoadedFromMemory is not a mono symbol file
Symbol file data-000002308EA01630 doesn't match image D:\Programming_Works\Unity_flutter\Doremi_Doremi\Doremi_Doremi\Library\ScriptAssemblies\Unity.VisualScripting.Flow.Editor.dll
Symbol file LoadedFromMemory is not a mono symbol file
Symbol file data-000002306BA81890 doesn't match image D:\Programming_Works\Unity_flutter\Doremi_Doremi\Doremi_Doremi\Library\ScriptAssemblies\Unity.Timeline.dll
Symbol file LoadedFromMemory is not a mono symbol file
Symbol file data-000002306C0E7850 doesn't match image D:\Programming_Works\Unity_flutter\Doremi_Doremi\Doremi_Doremi\Library\ScriptAssemblies\Unity.TestTools.CodeCoverage.Editor.OpenCover.Mono.Reflection.dll
Symbol file LoadedFromMemory is not a mono symbol file
Symbol file data-000002306C0E7850 doesn't match image D:\Programming_Works\Unity_flutter\Doremi_Doremi\Doremi_Doremi\Library\ScriptAssemblies\Unity.VisualScripting.SettingsProvider.Editor.dll
Symbol file LoadedFromMemory is not a mono symbol file
Symbol file data-000002308DDC3420 doesn't match image D:\Programming_Works\Unity_flutter\Doremi_Doremi\Doremi_Doremi\Library\ScriptAssemblies\Unity.Performance.Profile-Analyzer.Editor.dll
Symbol file LoadedFromMemory is not a mono symbol file
Symbol file data-000002308E8D3030 doesn't match image D:\Programming_Works\Unity_flutter\Doremi_Doremi\Doremi_Doremi\Library\ScriptAssemblies\Unity.TestTools.CodeCoverage.Editor.dll
Symbol file LoadedFromMemory is not a mono symbol file
Symbol file data-000002308DDE4430 doesn't match image D:\Programming_Works\Unity_flutter\Doremi_Doremi\Doremi_Doremi\Library\ScriptAssemblies\Unity.TestTools.CodeCoverage.Editor.OpenCover.Model.dll
Symbol file LoadedFromMemory is not a mono symbol file
Symbol file data-000002306BAA5790 doesn't match image D:\Programming_Works\Unity_flutter\Doremi_Doremi\Doremi_Doremi\Library\ScriptAssemblies\Unity.PlasticSCM.Editor.dll
Symbol file LoadedFromMemory is not a mono symbol file
Symbol file data-000002306BA81890 doesn't match image D:\Programming_Works\Unity_flutter\Doremi_Doremi\Doremi_Doremi\Library\ScriptAssemblies\UnityEngine.TestRunner.dll
Symbol file LoadedFromMemory is not a mono symbol file
Symbol file data-000002306BBCFC10 doesn't match image D:\Programming_Works\Unity_flutter\Doremi_Doremi\Doremi_Doremi\Library\ScriptAssemblies\Unity.VisualScripting.State.Editor.dll
Symbol file LoadedFromMemory is not a mono symbol file
Symbol file data-000002308DDE4430 doesn't match image D:\Programming_Works\Unity_flutter\Doremi_Doremi\Doremi_Doremi\Library\ScriptAssemblies\Unity.Settings.Editor.dll
Symbol file LoadedFromMemory is not a mono symbol file
Symbol file data-000002308DDE4430 doesn't match image D:\Programming_Works\Unity_flutter\Doremi_Doremi\Doremi_Doremi\Library\ScriptAssemblies\Overwriter.dll
Symbol file LoadedFromMemory is not a mono symbol file
Symbol file data-000002306BBDA020 doesn't match image D:\Programming_Works\Unity_flutter\Doremi_Doremi\Doremi_Doremi\Library\ScriptAssemblies\Unity.CollabProxy.Editor.dll
Symbol file LoadedFromMemory is not a mono symbol file
Symbol file data-000002308E0EBA40 doesn't match image D:\Programming_Works\Unity_flutter\Doremi_Doremi\Doremi_Doremi\Library\ScriptAssemblies\Unity.TextMeshPro.dll
Symbol file LoadedFromMemory is not a mono symbol file
Symbol file data-000002308E124450 doesn't match image D:\Programming_Works\Unity_flutter\Doremi_Doremi\Doremi_Doremi\Library\ScriptAssemblies\Unity.TextMeshPro.Editor.dll
Symbol file LoadedFromMemory is not a mono symbol file
Symbol file data-000002308E8D3030 doesn't match image D:\Programming_Works\Unity_flutter\Doremi_Doremi\Doremi_Doremi\Library\ScriptAssemblies\Unity.VisualScripting.State.dll
Symbol file LoadedFromMemory is not a mono symbol file
Symbol file data-000002306C5B4490 doesn't match image D:\Programming_Works\Unity_flutter\Doremi_Doremi\Doremi_Doremi\Library\ScriptAssemblies\Unity.VSCode.Editor.dll
Symbol file LoadedFromMemory is not a mono symbol file
- Loaded All Assemblies, in  0.417 seconds
Refreshing native plugins compatible for Editor in 1.60 ms, found 3 plugins.
Native extension for WindowsStandalone target not found
Native extension for Android target not found
Mono: successfully reloaded assembly
- Finished resetting the current domain, in  0.456 seconds
Domain Reload Profiling: 872ms
	BeginReloadAssembly (100ms)
		ExecutionOrderSort (0ms)
		DisableScriptedObjects (3ms)
		BackupInstance (0ms)
		ReleaseScriptingObjects (0ms)
		CreateAndSetChildDomain (18ms)
	RebuildCommonClasses (21ms)
	RebuildNativeTypeToScriptingClass (8ms)
	initialDomainReloadingComplete (27ms)
	LoadAllAssembliesAndSetupDomain (261ms)
		LoadAssemblies (181ms)
		RebuildTransferFunctionScriptingTraits (0ms)
		AnalyzeDomain (136ms)
			TypeCache.Refresh (117ms)
				TypeCache.ScanAssembly (104ms)
			ScanForSourceGeneratedMonoScriptInfo (14ms)
			ResolveRequiredComponents (4ms)
	FinalizeReload (456ms)
		ReleaseScriptCaches (0ms)
		RebuildScriptCaches (0ms)
		SetupLoadedEditorAssemblies (333ms)
			LogAssemblyErrors (0ms)
			InitializePlatformSupportModulesInManaged (21ms)
			SetLoadedEditorAssemblies (4ms)
			RefreshPlugins (0ms)
			BeforeProcessingInitializeOnLoad (51ms)
			ProcessInitializeOnLoadAttributes (237ms)
			ProcessInitializeOnLoadMethodAttributes (15ms)
			AfterProcessingInitializeOnLoad (5ms)
			EditorAssembliesLoaded (0ms)
		ExecutionOrderSort2 (0ms)
		AwakeInstancesAfterBackupRestoration (6ms)
Launched and connected shader compiler UnityShaderCompiler.exe after 0.03 seconds
Refreshing native plugins compatible for Editor in 1.94 ms, found 3 plugins.
Preloading 0 native plugins for Editor in 0.00 ms.
Unloading 3242 Unused Serialized files (Serialized files now loaded: 0)
Unloading 39 unused Assets / (57.4 KB). Loaded Objects now: 3706.
Memory consumption went from 135.1 MB to 135.0 MB.
Total: 2.427000 ms (FindLiveObjects: 0.367300 ms CreateObjectMapping: 0.102200 ms MarkObjects: 1.851300 ms  DeleteObjects: 0.105400 ms)

AssetImportParameters requested are different than current active one (requested -> active):
  custom:container-demuxer-ogg: 62fdf1f143b41e24485cea50d1cbac27 -> 
  custom:video-decoder-ogg-theora: a1e56fd34408186e4bbccfd4996cb3dc -> 
  custom:framework-win-MediaFoundation: 216162199b28c13a410421893ffa2e32 -> 
  custom:CustomObjectIndexerAttribute: 9a22284fe3817be447336de3de66b15e -> 
  custom:container-demuxer-webm: 4f35f7cbe854078d1ac9338744f61a02 -> 
  custom:container-muxer-webm: aa71ff27fc2769a1b78a27578f13a17b -> 
  custom:video-decoder-webm-vp8: 9c59270c3fd7afecdb556c50c9e8de78 -> 
  custom:SearchIndexIgnoredProperties: e643bd26f0fe6173181afceb89e7c659 -> 
  custom:AudioImporter_EditorPlatform: d09bf68614088b80899f8185d706f6e7 -> 
  custom:video-encoder-webm-vp8: eb34c28f22e8b96e1ab97ce403110664 -> 
  custom:audio-decoder-ogg-vorbis: bf7c407c2cedff20999df2af8eb42d56 -> 
  custom:audio-encoder-webm-vorbis: bf7c407c2cedff20999df2af8eb42d56 -> 
========================================================================
Received Import Request.
  Time since last request: 2017.957085 seconds.
  path: Assets/Resources/songs.json
  artifactKey: Guid(af20d8caf66ee47409cb25db76dceedc) Importer(815301076,1909f56bfc062723c751e8b465ee728b)
Start importing Assets/Resources/songs.json using Guid(af20d8caf66ee47409cb25db76dceedc) Importer(815301076,1909f56bfc062723c751e8b465ee728b)  -> (artifact id: '26f327e3e7d0bc271c66b6b10e34c891') in 0.007739 seconds
Number of updated asset objects reloaded before import = 0
Number of asset objects unloaded after import = 1
========================================================================
Received Prepare
Begin MonoManager ReloadAssembly
Symbol file data-000002308DE40040 doesn't match image D:\Programming_Works\Unity_flutter\Doremi_Doremi\Doremi_Doremi\Library\ScriptAssemblies\Unity.EditorCoroutines.Editor.dll
Symbol file LoadedFromMemory is not a mono symbol file
Symbol file data-000002306C148010 doesn't match image D:\Programming_Works\Unity_flutter\Doremi_Doremi\Doremi_Doremi\Library\ScriptAssemblies\Unity.Timeline.Editor.dll
Symbol file LoadedFromMemory is not a mono symbol file
Symbol file data-000002308DE40040 doesn't match image D:\Programming_Works\Unity_flutter\Doremi_Doremi\Doremi_Doremi\Library\ScriptAssemblies\Unity.VisualScripting.Shared.Editor.dll
Symbol file LoadedFromMemory is not a mono symbol file
Symbol file data-0000023098046030 doesn't match image D:\Programming_Works\Unity_flutter\Doremi_Doremi\Doremi_Doremi\Library\ScriptAssemblies\Unity.VisualStudio.Editor.dll
Symbol file LoadedFromMemory is not a mono symbol file
Symbol file data-0000023098665040 doesn't match image D:\Programming_Works\Unity_flutter\Doremi_Doremi\Doremi_Doremi\Library\ScriptAssemblies\UnityEditor.UI.dll
Symbol file LoadedFromMemory is not a mono symbol file
Symbol file data-00000230975C0040 doesn't match image D:\Programming_Works\Unity_flutter\Doremi_Doremi\Doremi_Doremi\Library\ScriptAssemblies\Unity.VisualScripting.Core.dll
Symbol file LoadedFromMemory is not a mono symbol file
Symbol file data-000002308E024050 doesn't match image D:\Programming_Works\Unity_flutter\Doremi_Doremi\Doremi_Doremi\Library\ScriptAssemblies\UnityEngine.UI.dll
Symbol file LoadedFromMemory is not a mono symbol file
Symbol file data-000002308E49D010 doesn't match image D:\Programming_Works\Unity_flutter\Doremi_Doremi\Doremi_Doremi\Library\ScriptAssemblies\Unity.VisualScripting.Core.Editor.dll
Symbol file LoadedFromMemory is not a mono symbol file
Symbol file data-0000023098665040 doesn't match image D:\Programming_Works\Unity_flutter\Doremi_Doremi\Doremi_Doremi\Library\ScriptAssemblies\Unity.Rider.Editor.dll
Symbol file LoadedFromMemory is not a mono symbol file
Symbol file data-000002306C1A8830 doesn't match image D:\Programming_Works\Unity_flutter\Doremi_Doremi\Doremi_Doremi\Library\ScriptAssemblies\Unity.2D.Sprite.Editor.dll
Symbol file LoadedFromMemory is not a mono symbol file
Symbol file data-0000023098793030 doesn't match image D:\Programming_Works\Unity_flutter\Doremi_Doremi\Doremi_Doremi\Library\ScriptAssemblies\UnityEditor.TestRunner.dll
Symbol file LoadedFromMemory is not a mono symbol file
Symbol file data-000002309904A440 doesn't match image D:\Programming_Works\Unity_flutter\Doremi_Doremi\Doremi_Doremi\Library\ScriptAssemblies\Unity.VisualScripting.Flow.dll
Symbol file LoadedFromMemory is not a mono symbol file
Symbol file data-0000023098793030 doesn't match image D:\Programming_Works\Unity_flutter\Doremi_Doremi\Doremi_Doremi\Library\ScriptAssemblies\Unity.VisualScripting.Flow.Editor.dll
Symbol file LoadedFromMemory is not a mono symbol file
Symbol file data-000002308FAC4F80 doesn't match image D:\Programming_Works\Unity_flutter\Doremi_Doremi\Doremi_Doremi\Library\ScriptAssemblies\Unity.Timeline.dll
Symbol file LoadedFromMemory is not a mono symbol file
Symbol file data-0000023097B95070 doesn't match image D:\Programming_Works\Unity_flutter\Doremi_Doremi\Doremi_Doremi\Library\ScriptAssemblies\Unity.TestTools.CodeCoverage.Editor.OpenCover.Mono.Reflection.dll
Symbol file LoadedFromMemory is not a mono symbol file
Symbol file data-000002308F6CF430 doesn't match image D:\Programming_Works\Unity_flutter\Doremi_Doremi\Doremi_Doremi\Library\ScriptAssemblies\Unity.VisualScripting.SettingsProvider.Editor.dll
Symbol file LoadedFromMemory is not a mono symbol file
Symbol file data-0000023098793030 doesn't match image D:\Programming_Works\Unity_flutter\Doremi_Doremi\Doremi_Doremi\Library\ScriptAssemblies\Unity.Performance.Profile-Analyzer.Editor.dll
Symbol file LoadedFromMemory is not a mono symbol file
Symbol file data-0000023098046030 doesn't match image D:\Programming_Works\Unity_flutter\Doremi_Doremi\Doremi_Doremi\Library\ScriptAssemblies\Unity.TestTools.CodeCoverage.Editor.dll
Symbol file LoadedFromMemory is not a mono symbol file
Symbol file data-0000023048F63D30 doesn't match image D:\Programming_Works\Unity_flutter\Doremi_Doremi\Doremi_Doremi\Library\ScriptAssemblies\Unity.TestTools.CodeCoverage.Editor.OpenCover.Model.dll
Symbol file LoadedFromMemory is not a mono symbol file
Symbol file data-000002306C148010 doesn't match image D:\Programming_Works\Unity_flutter\Doremi_Doremi\Doremi_Doremi\Library\ScriptAssemblies\Unity.PlasticSCM.Editor.dll
Symbol file LoadedFromMemory is not a mono symbol file
Symbol file data-000002306BFD6A10 doesn't match image D:\Programming_Works\Unity_flutter\Doremi_Doremi\Doremi_Doremi\Library\ScriptAssemblies\UnityEngine.TestRunner.dll
Symbol file LoadedFromMemory is not a mono symbol file
Symbol file data-000002306C8A9CD0 doesn't match image D:\Programming_Works\Unity_flutter\Doremi_Doremi\Doremi_Doremi\Library\ScriptAssemblies\Unity.VisualScripting.State.Editor.dll
Symbol file LoadedFromMemory is not a mono symbol file
Symbol file data-00000230987AB840 doesn't match image D:\Programming_Works\Unity_flutter\Doremi_Doremi\Doremi_Doremi\Library\ScriptAssemblies\Unity.Settings.Editor.dll
Symbol file LoadedFromMemory is not a mono symbol file
Symbol file data-00000230987AB840 doesn't match image D:\Programming_Works\Unity_flutter\Doremi_Doremi\Doremi_Doremi\Library\ScriptAssemblies\Overwriter.dll
Symbol file LoadedFromMemory is not a mono symbol file
Symbol file data-00000230987AB840 doesn't match image D:\Programming_Works\Unity_flutter\Doremi_Doremi\Doremi_Doremi\Library\ScriptAssemblies\Unity.CollabProxy.Editor.dll
Symbol file LoadedFromMemory is not a mono symbol file
Symbol file data-0000023097D6E030 doesn't match image D:\Programming_Works\Unity_flutter\Doremi_Doremi\Doremi_Doremi\Library\ScriptAssemblies\Unity.TextMeshPro.dll
Symbol file LoadedFromMemory is not a mono symbol file
Symbol file data-000002306C1A8830 doesn't match image D:\Programming_Works\Unity_flutter\Doremi_Doremi\Doremi_Doremi\Library\ScriptAssemblies\Unity.TextMeshPro.Editor.dll
Symbol file LoadedFromMemory is not a mono symbol file
Symbol file data-00000230987AB840 doesn't match image D:\Programming_Works\Unity_flutter\Doremi_Doremi\Doremi_Doremi\Library\ScriptAssemblies\Unity.VisualScripting.State.dll
Symbol file LoadedFromMemory is not a mono symbol file
Symbol file data-00000230987AB840 doesn't match image D:\Programming_Works\Unity_flutter\Doremi_Doremi\Doremi_Doremi\Library\ScriptAssemblies\Unity.VSCode.Editor.dll
Symbol file LoadedFromMemory is not a mono symbol file
- Loaded All Assemblies, in  0.256 seconds
Refreshing native plugins compatible for Editor in 1.37 ms, found 3 plugins.
Native extension for WindowsStandalone target not found
Native extension for Android target not found
Mono: successfully reloaded assembly
- Finished resetting the current domain, in  0.521 seconds
Domain Reload Profiling: 776ms
	BeginReloadAssembly (97ms)
		ExecutionOrderSort (0ms)
		DisableScriptedObjects (3ms)
		BackupInstance (0ms)
		ReleaseScriptingObjects (0ms)
		CreateAndSetChildDomain (24ms)
	RebuildCommonClasses (18ms)
	RebuildNativeTypeToScriptingClass (6ms)
	initialDomainReloadingComplete (17ms)
	LoadAllAssembliesAndSetupDomain (116ms)
		LoadAssemblies (150ms)
		RebuildTransferFunctionScriptingTraits (0ms)
		AnalyzeDomain (14ms)
			TypeCache.Refresh (5ms)
				TypeCache.ScanAssembly (0ms)
			ScanForSourceGeneratedMonoScriptInfo (4ms)
			ResolveRequiredComponents (3ms)
	FinalizeReload (521ms)
		ReleaseScriptCaches (0ms)
		RebuildScriptCaches (0ms)
		SetupLoadedEditorAssemblies (249ms)
			LogAssemblyErrors (0ms)
			InitializePlatformSupportModulesInManaged (16ms)
			SetLoadedEditorAssemblies (3ms)
			RefreshPlugins (0ms)
			BeforeProcessingInitializeOnLoad (41ms)
			ProcessInitializeOnLoadAttributes (170ms)
			ProcessInitializeOnLoadMethodAttributes (15ms)
			AfterProcessingInitializeOnLoad (4ms)
			EditorAssembliesLoaded (0ms)
		ExecutionOrderSort2 (0ms)
		AwakeInstancesAfterBackupRestoration (5ms)
Refreshing native plugins compatible for Editor in 1.27 ms, found 3 plugins.
Preloading 0 native plugins for Editor in 0.00 ms.
Unloading 3212 Unused Serialized files (Serialized files now loaded: 0)
Unloading 27 unused Assets / (31.1 KB). Loaded Objects now: 3710.
Memory consumption went from 130.1 MB to 130.1 MB.
Total: 2.166100 ms (FindLiveObjects: 0.213200 ms CreateObjectMapping: 0.100800 ms MarkObjects: 1.804200 ms  DeleteObjects: 0.047100 ms)

Prepare: number of updated asset objects reloaded= 0
AssetImportParameters requested are different than current active one (requested -> active):
  custom:container-demuxer-ogg: 62fdf1f143b41e24485cea50d1cbac27 -> 
  custom:video-decoder-ogg-theora: a1e56fd34408186e4bbccfd4996cb3dc -> 
  custom:framework-win-MediaFoundation: 216162199b28c13a410421893ffa2e32 -> 
  custom:CustomObjectIndexerAttribute: 9a22284fe3817be447336de3de66b15e -> 
  custom:container-demuxer-webm: 4f35f7cbe854078d1ac9338744f61a02 -> 
  custom:container-muxer-webm: aa71ff27fc2769a1b78a27578f13a17b -> 
  custom:video-decoder-webm-vp8: 9c59270c3fd7afecdb556c50c9e8de78 -> 
  custom:SearchIndexIgnoredProperties: e643bd26f0fe6173181afceb89e7c659 -> 
  custom:AudioImporter_EditorPlatform: d09bf68614088b80899f8185d706f6e7 -> 
  custom:video-encoder-webm-vp8: eb34c28f22e8b96e1ab97ce403110664 -> 
  custom:audio-decoder-ogg-vorbis: bf7c407c2cedff20999df2af8eb42d56 -> 
  custom:audio-encoder-webm-vorbis: bf7c407c2cedff20999df2af8eb42d56 -> 
========================================================================
Received Prepare
Begin MonoManager ReloadAssembly
Symbol file data-000002306C8D7010 doesn't match image D:\Programming_Works\Unity_flutter\Doremi_Doremi\Doremi_Doremi\Library\ScriptAssemblies\Unity.EditorCoroutines.Editor.dll
Symbol file LoadedFromMemory is not a mono symbol file
Symbol file data-000002306C148010 doesn't match image D:\Programming_Works\Unity_flutter\Doremi_Doremi\Doremi_Doremi\Library\ScriptAssemblies\Unity.Timeline.Editor.dll
Symbol file LoadedFromMemory is not a mono symbol file
Symbol file data-000002306C8D7010 doesn't match image D:\Programming_Works\Unity_flutter\Doremi_Doremi\Doremi_Doremi\Library\ScriptAssemblies\Unity.VisualScripting.Shared.Editor.dll
Symbol file LoadedFromMemory is not a mono symbol file
Symbol file data-000002306C21DA50 doesn't match image D:\Programming_Works\Unity_flutter\Doremi_Doremi\Doremi_Doremi\Library\ScriptAssemblies\Unity.VisualStudio.Editor.dll
Symbol file LoadedFromMemory is not a mono symbol file
Symbol file data-0000023097290020 doesn't match image D:\Programming_Works\Unity_flutter\Doremi_Doremi\Doremi_Doremi\Library\ScriptAssemblies\UnityEditor.UI.dll
Symbol file LoadedFromMemory is not a mono symbol file
Symbol file data-00000230975C0040 doesn't match image D:\Programming_Works\Unity_flutter\Doremi_Doremi\Doremi_Doremi\Library\ScriptAssemblies\Unity.VisualScripting.Core.dll
Symbol file LoadedFromMemory is not a mono symbol file
Symbol file data-000002308E024050 doesn't match image D:\Programming_Works\Unity_flutter\Doremi_Doremi\Doremi_Doremi\Library\ScriptAssemblies\UnityEngine.UI.dll
Symbol file LoadedFromMemory is not a mono symbol file
Symbol file data-000002308FE55020 doesn't match image D:\Programming_Works\Unity_flutter\Doremi_Doremi\Doremi_Doremi\Library\ScriptAssemblies\Unity.VisualScripting.Core.Editor.dll
Symbol file LoadedFromMemory is not a mono symbol file
Symbol file data-0000023097290020 doesn't match image D:\Programming_Works\Unity_flutter\Doremi_Doremi\Doremi_Doremi\Library\ScriptAssemblies\Unity.Rider.Editor.dll
Symbol file LoadedFromMemory is not a mono symbol file
Symbol file data-000002306C1A8830 doesn't match image D:\Programming_Works\Unity_flutter\Doremi_Doremi\Doremi_Doremi\Library\ScriptAssemblies\Unity.2D.Sprite.Editor.dll
Symbol file LoadedFromMemory is not a mono symbol file
Symbol file data-000002309976F100 doesn't match image D:\Programming_Works\Unity_flutter\Doremi_Doremi\Doremi_Doremi\Library\ScriptAssemblies\UnityEditor.TestRunner.dll
Symbol file LoadedFromMemory is not a mono symbol file
Symbol file data-000002308FAA4D80 doesn't match image D:\Programming_Works\Unity_flutter\Doremi_Doremi\Doremi_Doremi\Library\ScriptAssemblies\Unity.VisualScripting.Flow.dll
Symbol file LoadedFromMemory is not a mono symbol file
Symbol file data-000002309976F100 doesn't match image D:\Programming_Works\Unity_flutter\Doremi_Doremi\Doremi_Doremi\Library\ScriptAssemblies\Unity.VisualScripting.Flow.Editor.dll
Symbol file LoadedFromMemory is not a mono symbol file
Symbol file data-000002306C1A8830 doesn't match image D:\Programming_Works\Unity_flutter\Doremi_Doremi\Doremi_Doremi\Library\ScriptAssemblies\Unity.Timeline.dll
Symbol file LoadedFromMemory is not a mono symbol file
Symbol file data-000002308DF0E030 doesn't match image D:\Programming_Works\Unity_flutter\Doremi_Doremi\Doremi_Doremi\Library\ScriptAssemblies\Unity.TestTools.CodeCoverage.Editor.OpenCover.Mono.Reflection.dll
Symbol file LoadedFromMemory is not a mono symbol file
Symbol file data-000002308FA2FFC0 doesn't match image D:\Programming_Works\Unity_flutter\Doremi_Doremi\Doremi_Doremi\Library\ScriptAssemblies\Unity.VisualScripting.SettingsProvider.Editor.dll
Symbol file LoadedFromMemory is not a mono symbol file
Symbol file data-000002309976F100 doesn't match image D:\Programming_Works\Unity_flutter\Doremi_Doremi\Doremi_Doremi\Library\ScriptAssemblies\Unity.Performance.Profile-Analyzer.Editor.dll
Symbol file LoadedFromMemory is not a mono symbol file
Symbol file data-000002306C21DA50 doesn't match image D:\Programming_Works\Unity_flutter\Doremi_Doremi\Doremi_Doremi\Library\ScriptAssemblies\Unity.TestTools.CodeCoverage.Editor.dll
Symbol file LoadedFromMemory is not a mono symbol file
Symbol file data-0000023096E88040 doesn't match image D:\Programming_Works\Unity_flutter\Doremi_Doremi\Doremi_Doremi\Library\ScriptAssemblies\Unity.TestTools.CodeCoverage.Editor.OpenCover.Model.dll
Symbol file LoadedFromMemory is not a mono symbol file
Symbol file data-000002306C148010 doesn't match image D:\Programming_Works\Unity_flutter\Doremi_Doremi\Doremi_Doremi\Library\ScriptAssemblies\Unity.PlasticSCM.Editor.dll
Symbol file LoadedFromMemory is not a mono symbol file
Symbol file data-000002306C5EB6E0 doesn't match image D:\Programming_Works\Unity_flutter\Doremi_Doremi\Doremi_Doremi\Library\ScriptAssemblies\UnityEngine.TestRunner.dll
Symbol file LoadedFromMemory is not a mono symbol file
Symbol file data-000002306C0862C0 doesn't match image D:\Programming_Works\Unity_flutter\Doremi_Doremi\Doremi_Doremi\Library\ScriptAssemblies\Unity.VisualScripting.State.Editor.dll
Symbol file LoadedFromMemory is not a mono symbol file
Symbol file data-0000023099787910 doesn't match image D:\Programming_Works\Unity_flutter\Doremi_Doremi\Doremi_Doremi\Library\ScriptAssemblies\Unity.Settings.Editor.dll
Symbol file LoadedFromMemory is not a mono symbol file
Symbol file data-0000023099787910 doesn't match image D:\Programming_Works\Unity_flutter\Doremi_Doremi\Doremi_Doremi\Library\ScriptAssemblies\Overwriter.dll
Symbol file LoadedFromMemory is not a mono symbol file
Symbol file data-0000023099787910 doesn't match image D:\Programming_Works\Unity_flutter\Doremi_Doremi\Doremi_Doremi\Library\ScriptAssemblies\Unity.CollabProxy.Editor.dll
Symbol file LoadedFromMemory is not a mono symbol file
Symbol file data-000002308FAA4D80 doesn't match image D:\Programming_Works\Unity_flutter\Doremi_Doremi\Doremi_Doremi\Library\ScriptAssemblies\Unity.TextMeshPro.dll
Symbol file LoadedFromMemory is not a mono symbol file
Symbol file data-000002306C1A8830 doesn't match image D:\Programming_Works\Unity_flutter\Doremi_Doremi\Doremi_Doremi\Library\ScriptAssemblies\Unity.TextMeshPro.Editor.dll
Symbol file LoadedFromMemory is not a mono symbol file
Symbol file data-0000023099787910 doesn't match image D:\Programming_Works\Unity_flutter\Doremi_Doremi\Doremi_Doremi\Library\ScriptAssemblies\Unity.VisualScripting.State.dll
Symbol file LoadedFromMemory is not a mono symbol file
Symbol file data-0000023099787910 doesn't match image D:\Programming_Works\Unity_flutter\Doremi_Doremi\Doremi_Doremi\Library\ScriptAssemblies\Unity.VSCode.Editor.dll
Symbol file LoadedFromMemory is not a mono symbol file
- Loaded All Assemblies, in  0.245 seconds
Refreshing native plugins compatible for Editor in 1.22 ms, found 3 plugins.
Native extension for WindowsStandalone target not found
Native extension for Android target not found
Mono: successfully reloaded assembly
- Finished resetting the current domain, in  0.556 seconds
Domain Reload Profiling: 800ms
	BeginReloadAssembly (100ms)
		ExecutionOrderSort (0ms)
		DisableScriptedObjects (3ms)
		BackupInstance (0ms)
		ReleaseScriptingObjects (0ms)
		CreateAndSetChildDomain (27ms)
	RebuildCommonClasses (18ms)
	RebuildNativeTypeToScriptingClass (7ms)
	initialDomainReloadingComplete (16ms)
	LoadAllAssembliesAndSetupDomain (103ms)
		LoadAssemblies (143ms)
		RebuildTransferFunctionScriptingTraits (0ms)
		AnalyzeDomain (7ms)
			TypeCache.Refresh (3ms)
				TypeCache.ScanAssembly (0ms)
			ScanForSourceGeneratedMonoScriptInfo (0ms)
			ResolveRequiredComponents (3ms)
	FinalizeReload (556ms)
		ReleaseScriptCaches (0ms)
		RebuildScriptCaches (0ms)
		SetupLoadedEditorAssemblies (271ms)
			LogAssemblyErrors (0ms)
			InitializePlatformSupportModulesInManaged (19ms)
			SetLoadedEditorAssemblies (3ms)
			RefreshPlugins (0ms)
			BeforeProcessingInitializeOnLoad (46ms)
			ProcessInitializeOnLoadAttributes (183ms)
			ProcessInitializeOnLoadMethodAttributes (15ms)
			AfterProcessingInitializeOnLoad (5ms)
			EditorAssembliesLoaded (0ms)
		ExecutionOrderSort2 (0ms)
		AwakeInstancesAfterBackupRestoration (6ms)
Refreshing native plugins compatible for Editor in 1.29 ms, found 3 plugins.
Preloading 0 native plugins for Editor in 0.00 ms.
Unloading 3213 Unused Serialized files (Serialized files now loaded: 0)
Unloading 27 unused Assets / (31.1 KB). Loaded Objects now: 3713.
Memory consumption went from 132.3 MB to 132.3 MB.
Total: 2.396400 ms (FindLiveObjects: 0.225000 ms CreateObjectMapping: 0.067800 ms MarkObjects: 2.060500 ms  DeleteObjects: 0.042600 ms)

Prepare: number of updated asset objects reloaded= 0
AssetImportParameters requested are different than current active one (requested -> active):
  custom:container-demuxer-ogg: 62fdf1f143b41e24485cea50d1cbac27 -> 
  custom:video-decoder-ogg-theora: a1e56fd34408186e4bbccfd4996cb3dc -> 
  custom:framework-win-MediaFoundation: 216162199b28c13a410421893ffa2e32 -> 
  custom:CustomObjectIndexerAttribute: 9a22284fe3817be447336de3de66b15e -> 
  custom:container-demuxer-webm: 4f35f7cbe854078d1ac9338744f61a02 -> 
  custom:container-muxer-webm: aa71ff27fc2769a1b78a27578f13a17b -> 
  custom:video-decoder-webm-vp8: 9c59270c3fd7afecdb556c50c9e8de78 -> 
  custom:SearchIndexIgnoredProperties: e643bd26f0fe6173181afceb89e7c659 -> 
  custom:AudioImporter_EditorPlatform: d09bf68614088b80899f8185d706f6e7 -> 
  custom:video-encoder-webm-vp8: eb34c28f22e8b96e1ab97ce403110664 -> 
  custom:audio-decoder-ogg-vorbis: bf7c407c2cedff20999df2af8eb42d56 -> 
  custom:audio-encoder-webm-vorbis: bf7c407c2cedff20999df2af8eb42d56 -> 
========================================================================
Received Prepare
Begin MonoManager ReloadAssembly
Symbol file data-000002309872C010 doesn't match image D:\Programming_Works\Unity_flutter\Doremi_Doremi\Doremi_Doremi\Library\ScriptAssemblies\Unity.EditorCoroutines.Editor.dll
Symbol file LoadedFromMemory is not a mono symbol file
Symbol file data-00000230977CA020 doesn't match image D:\Programming_Works\Unity_flutter\Doremi_Doremi\Doremi_Doremi\Library\ScriptAssemblies\Unity.Timeline.Editor.dll
Symbol file LoadedFromMemory is not a mono symbol file
Symbol file data-000002309978B920 doesn't match image D:\Programming_Works\Unity_flutter\Doremi_Doremi\Doremi_Doremi\Library\ScriptAssemblies\Unity.VisualScripting.Shared.Editor.dll
Symbol file LoadedFromMemory is not a mono symbol file
Symbol file data-0000023098524020 doesn't match image D:\Programming_Works\Unity_flutter\Doremi_Doremi\Doremi_Doremi\Library\ScriptAssemblies\Unity.VisualStudio.Editor.dll
Symbol file LoadedFromMemory is not a mono symbol file
Symbol file data-0000023098665040 doesn't match image D:\Programming_Works\Unity_flutter\Doremi_Doremi\Doremi_Doremi\Library\ScriptAssemblies\UnityEditor.UI.dll
Symbol file LoadedFromMemory is not a mono symbol file
Symbol file data-0000023097E7F060 doesn't match image D:\Programming_Works\Unity_flutter\Doremi_Doremi\Doremi_Doremi\Library\ScriptAssemblies\Unity.VisualScripting.Core.dll
Symbol file LoadedFromMemory is not a mono symbol file
Symbol file data-000002308E024050 doesn't match image D:\Programming_Works\Unity_flutter\Doremi_Doremi\Doremi_Doremi\Library\ScriptAssemblies\UnityEngine.UI.dll
Symbol file LoadedFromMemory is not a mono symbol file
Symbol file data-000002306C562850 doesn't match image D:\Programming_Works\Unity_flutter\Doremi_Doremi\Doremi_Doremi\Library\ScriptAssemblies\Unity.VisualScripting.Core.Editor.dll
Symbol file LoadedFromMemory is not a mono symbol file
Symbol file data-000002306C0862C0 doesn't match image D:\Programming_Works\Unity_flutter\Doremi_Doremi\Doremi_Doremi\Library\ScriptAssemblies\Unity.Rider.Editor.dll
Symbol file LoadedFromMemory is not a mono symbol file
Symbol file data-000002306C1A8830 doesn't match image D:\Programming_Works\Unity_flutter\Doremi_Doremi\Doremi_Doremi\Library\ScriptAssemblies\Unity.2D.Sprite.Editor.dll
Symbol file LoadedFromMemory is not a mono symbol file
Symbol file data-000002308EA72010 doesn't match image D:\Programming_Works\Unity_flutter\Doremi_Doremi\Doremi_Doremi\Library\ScriptAssemblies\UnityEditor.TestRunner.dll
Symbol file LoadedFromMemory is not a mono symbol file
Symbol file data-000002308FAA4D80 doesn't match image D:\Programming_Works\Unity_flutter\Doremi_Doremi\Doremi_Doremi\Library\ScriptAssemblies\Unity.VisualScripting.Flow.dll
Symbol file LoadedFromMemory is not a mono symbol file
Symbol file data-00000230979EA010 doesn't match image D:\Programming_Works\Unity_flutter\Doremi_Doremi\Doremi_Doremi\Library\ScriptAssemblies\Unity.VisualScripting.Flow.Editor.dll
Symbol file LoadedFromMemory is not a mono symbol file
Symbol file data-000002306C1A8830 doesn't match image D:\Programming_Works\Unity_flutter\Doremi_Doremi\Doremi_Doremi\Library\ScriptAssemblies\Unity.Timeline.dll
Symbol file LoadedFromMemory is not a mono symbol file
Symbol file data-000002309978B920 doesn't match image D:\Programming_Works\Unity_flutter\Doremi_Doremi\Doremi_Doremi\Library\ScriptAssemblies\Unity.TestTools.CodeCoverage.Editor.OpenCover.Mono.Reflection.dll
Symbol file LoadedFromMemory is not a mono symbol file
Symbol file data-000002308EA26030 doesn't match image D:\Programming_Works\Unity_flutter\Doremi_Doremi\Doremi_Doremi\Library\ScriptAssemblies\Unity.VisualScripting.SettingsProvider.Editor.dll
Symbol file LoadedFromMemory is not a mono symbol file
Symbol file data-00000230979EA010 doesn't match image D:\Programming_Works\Unity_flutter\Doremi_Doremi\Doremi_Doremi\Library\ScriptAssemblies\Unity.Performance.Profile-Analyzer.Editor.dll
Symbol file LoadedFromMemory is not a mono symbol file
Symbol file data-0000023098524020 doesn't match image D:\Programming_Works\Unity_flutter\Doremi_Doremi\Doremi_Doremi\Library\ScriptAssemblies\Unity.TestTools.CodeCoverage.Editor.dll
Symbol file LoadedFromMemory is not a mono symbol file
Symbol file data-000002308DF0E030 doesn't match image D:\Programming_Works\Unity_flutter\Doremi_Doremi\Doremi_Doremi\Library\ScriptAssemblies\Unity.TestTools.CodeCoverage.Editor.OpenCover.Model.dll
Symbol file LoadedFromMemory is not a mono symbol file
Symbol file data-00000230977CA020 doesn't match image D:\Programming_Works\Unity_flutter\Doremi_Doremi\Doremi_Doremi\Library\ScriptAssemblies\Unity.PlasticSCM.Editor.dll
Symbol file LoadedFromMemory is not a mono symbol file
Symbol file data-000002306C5EB6E0 doesn't match image D:\Programming_Works\Unity_flutter\Doremi_Doremi\Doremi_Doremi\Library\ScriptAssemblies\UnityEngine.TestRunner.dll
Symbol file LoadedFromMemory is not a mono symbol file
Symbol file data-00000230980DA020 doesn't match image D:\Programming_Works\Unity_flutter\Doremi_Doremi\Doremi_Doremi\Library\ScriptAssemblies\Unity.VisualScripting.State.Editor.dll
Symbol file LoadedFromMemory is not a mono symbol file
Symbol file data-000002308DF0E030 doesn't match image D:\Programming_Works\Unity_flutter\Doremi_Doremi\Doremi_Doremi\Library\ScriptAssemblies\Unity.Settings.Editor.dll
Symbol file LoadedFromMemory is not a mono symbol file
Symbol file data-000002308DF0E030 doesn't match image D:\Programming_Works\Unity_flutter\Doremi_Doremi\Doremi_Doremi\Library\ScriptAssemblies\Overwriter.dll
Symbol file LoadedFromMemory is not a mono symbol file
Symbol file data-000002308DF0E030 doesn't match image D:\Programming_Works\Unity_flutter\Doremi_Doremi\Doremi_Doremi\Library\ScriptAssemblies\Unity.CollabProxy.Editor.dll
Symbol file LoadedFromMemory is not a mono symbol file
Symbol file data-000002306C0A4010 doesn't match image D:\Programming_Works\Unity_flutter\Doremi_Doremi\Doremi_Doremi\Library\ScriptAssemblies\Unity.TextMeshPro.dll
Symbol file LoadedFromMemory is not a mono symbol file
Symbol file data-000002306C1A8830 doesn't match image D:\Programming_Works\Unity_flutter\Doremi_Doremi\Doremi_Doremi\Library\ScriptAssemblies\Unity.TextMeshPro.Editor.dll
Symbol file LoadedFromMemory is not a mono symbol file
Symbol file data-000002308DF0E030 doesn't match image D:\Programming_Works\Unity_flutter\Doremi_Doremi\Doremi_Doremi\Library\ScriptAssemblies\Unity.VisualScripting.State.dll
Symbol file LoadedFromMemory is not a mono symbol file
Symbol file data-000002308DF0E030 doesn't match image D:\Programming_Works\Unity_flutter\Doremi_Doremi\Doremi_Doremi\Library\ScriptAssemblies\Unity.VSCode.Editor.dll
Symbol file LoadedFromMemory is not a mono symbol file
- Loaded All Assemblies, in  0.253 seconds
Refreshing native plugins compatible for Editor in 1.20 ms, found 3 plugins.
Native extension for WindowsStandalone target not found
Native extension for Android target not found
Mono: successfully reloaded assembly
- Finished resetting the current domain, in  0.563 seconds
Domain Reload Profiling: 815ms
	BeginReloadAssembly (100ms)
		ExecutionOrderSort (0ms)
		DisableScriptedObjects (3ms)
		BackupInstance (0ms)
		ReleaseScriptingObjects (0ms)
		CreateAndSetChildDomain (23ms)
	RebuildCommonClasses (22ms)
	RebuildNativeTypeToScriptingClass (7ms)
	initialDomainReloadingComplete (17ms)
	LoadAllAssembliesAndSetupDomain (106ms)
		LoadAssemblies (149ms)
		RebuildTransferFunctionScriptingTraits (0ms)
		AnalyzeDomain (8ms)
			TypeCache.Refresh (3ms)
				TypeCache.ScanAssembly (0ms)
			ScanForSourceGeneratedMonoScriptInfo (0ms)
			ResolveRequiredComponents (3ms)
	FinalizeReload (564ms)
		ReleaseScriptCaches (0ms)
		RebuildScriptCaches (0ms)
		SetupLoadedEditorAssemblies (267ms)
			LogAssemblyErrors (0ms)
			InitializePlatformSupportModulesInManaged (17ms)
			SetLoadedEditorAssemblies (3ms)
			RefreshPlugins (0ms)
			BeforeProcessingInitializeOnLoad (44ms)
			ProcessInitializeOnLoadAttributes (182ms)
			ProcessInitializeOnLoadMethodAttributes (15ms)
			AfterProcessingInitializeOnLoad (6ms)
			EditorAssembliesLoaded (0ms)
		ExecutionOrderSort2 (0ms)
		AwakeInstancesAfterBackupRestoration (7ms)
Refreshing native plugins compatible for Editor in 2.03 ms, found 3 plugins.
Preloading 0 native plugins for Editor in 0.00 ms.
Unloading 3213 Unused Serialized files (Serialized files now loaded: 0)
Unloading 27 unused Assets / (31.1 KB). Loaded Objects now: 3716.
Memory consumption went from 134.2 MB to 134.2 MB.
Total: 2.156300 ms (FindLiveObjects: 0.214500 ms CreateObjectMapping: 0.069000 ms MarkObjects: 1.817100 ms  DeleteObjects: 0.055000 ms)

Prepare: number of updated asset objects reloaded= 0
AssetImportParameters requested are different than current active one (requested -> active):
  custom:container-demuxer-ogg: 62fdf1f143b41e24485cea50d1cbac27 -> 
  custom:video-decoder-ogg-theora: a1e56fd34408186e4bbccfd4996cb3dc -> 
  custom:framework-win-MediaFoundation: 216162199b28c13a410421893ffa2e32 -> 
  custom:CustomObjectIndexerAttribute: 9a22284fe3817be447336de3de66b15e -> 
  custom:container-demuxer-webm: 4f35f7cbe854078d1ac9338744f61a02 -> 
  custom:container-muxer-webm: aa71ff27fc2769a1b78a27578f13a17b -> 
  custom:video-decoder-webm-vp8: 9c59270c3fd7afecdb556c50c9e8de78 -> 
  custom:SearchIndexIgnoredProperties: e643bd26f0fe6173181afceb89e7c659 -> 
  custom:AudioImporter_EditorPlatform: d09bf68614088b80899f8185d706f6e7 -> 
  custom:video-encoder-webm-vp8: eb34c28f22e8b96e1ab97ce403110664 -> 
  custom:audio-decoder-ogg-vorbis: bf7c407c2cedff20999df2af8eb42d56 -> 
  custom:audio-encoder-webm-vorbis: bf7c407c2cedff20999df2af8eb42d56 -> 
========================================================================
Received Prepare
Begin MonoManager ReloadAssembly
Symbol file data-000002309721D010 doesn't match image D:\Programming_Works\Unity_flutter\Doremi_Doremi\Doremi_Doremi\Library\ScriptAssemblies\Unity.EditorCoroutines.Editor.dll
Symbol file LoadedFromMemory is not a mono symbol file
Symbol file data-000002306C148010 doesn't match image D:\Programming_Works\Unity_flutter\Doremi_Doremi\Doremi_Doremi\Library\ScriptAssemblies\Unity.Timeline.Editor.dll
Symbol file LoadedFromMemory is not a mono symbol file
Symbol file data-00000230997E1170 doesn't match image D:\Programming_Works\Unity_flutter\Doremi_Doremi\Doremi_Doremi\Library\ScriptAssemblies\Unity.VisualScripting.Shared.Editor.dll
Symbol file LoadedFromMemory is not a mono symbol file
Symbol file data-000002306BFD6A10 doesn't match image D:\Programming_Works\Unity_flutter\Doremi_Doremi\Doremi_Doremi\Library\ScriptAssemblies\Unity.VisualStudio.Editor.dll
Symbol file LoadedFromMemory is not a mono symbol file
Symbol file data-0000023098665040 doesn't match image D:\Programming_Works\Unity_flutter\Doremi_Doremi\Doremi_Doremi\Library\ScriptAssemblies\UnityEditor.UI.dll
Symbol file LoadedFromMemory is not a mono symbol file
Symbol file data-000002308E9CA020 doesn't match image D:\Programming_Works\Unity_flutter\Doremi_Doremi\Doremi_Doremi\Library\ScriptAssemblies\Unity.VisualScripting.Core.dll
Symbol file LoadedFromMemory is not a mono symbol file
Symbol file data-000002308E024050 doesn't match image D:\Programming_Works\Unity_flutter\Doremi_Doremi\Doremi_Doremi\Library\ScriptAssemblies\UnityEngine.UI.dll
Symbol file LoadedFromMemory is not a mono symbol file
Symbol file data-000002308FE55020 doesn't match image D:\Programming_Works\Unity_flutter\Doremi_Doremi\Doremi_Doremi\Library\ScriptAssemblies\Unity.VisualScripting.Core.Editor.dll
Symbol file LoadedFromMemory is not a mono symbol file
Symbol file data-000002306C0862C0 doesn't match image D:\Programming_Works\Unity_flutter\Doremi_Doremi\Doremi_Doremi\Library\ScriptAssemblies\Unity.Rider.Editor.dll
Symbol file LoadedFromMemory is not a mono symbol file
Symbol file data-000002306C1A8830 doesn't match image D:\Programming_Works\Unity_flutter\Doremi_Doremi\Doremi_Doremi\Library\ScriptAssemblies\Unity.2D.Sprite.Editor.dll
Symbol file LoadedFromMemory is not a mono symbol file
Symbol file data-00000230979EA010 doesn't match image D:\Programming_Works\Unity_flutter\Doremi_Doremi\Doremi_Doremi\Library\ScriptAssemblies\UnityEditor.TestRunner.dll
Symbol file LoadedFromMemory is not a mono symbol file
Symbol file data-0000023098783020 doesn't match image D:\Programming_Works\Unity_flutter\Doremi_Doremi\Doremi_Doremi\Library\ScriptAssemblies\Unity.VisualScripting.Flow.dll
Symbol file LoadedFromMemory is not a mono symbol file
Symbol file data-00000230979EA010 doesn't match image D:\Programming_Works\Unity_flutter\Doremi_Doremi\Doremi_Doremi\Library\ScriptAssemblies\Unity.VisualScripting.Flow.Editor.dll
Symbol file LoadedFromMemory is not a mono symbol file
Symbol file data-000002306C1A8830 doesn't match image D:\Programming_Works\Unity_flutter\Doremi_Doremi\Doremi_Doremi\Library\ScriptAssemblies\Unity.Timeline.dll
Symbol file LoadedFromMemory is not a mono symbol file
Symbol file data-00000230997E1170 doesn't match image D:\Programming_Works\Unity_flutter\Doremi_Doremi\Doremi_Doremi\Library\ScriptAssemblies\Unity.TestTools.CodeCoverage.Editor.OpenCover.Mono.Reflection.dll
Symbol file LoadedFromMemory is not a mono symbol file
Symbol file data-00000230997E1170 doesn't match image D:\Programming_Works\Unity_flutter\Doremi_Doremi\Doremi_Doremi\Library\ScriptAssemblies\Unity.VisualScripting.SettingsProvider.Editor.dll
Symbol file LoadedFromMemory is not a mono symbol file
Symbol file data-00000230979EA010 doesn't match image D:\Programming_Works\Unity_flutter\Doremi_Doremi\Doremi_Doremi\Library\ScriptAssemblies\Unity.Performance.Profile-Analyzer.Editor.dll
Symbol file LoadedFromMemory is not a mono symbol file
Symbol file data-000002306BFD6A10 doesn't match image D:\Programming_Works\Unity_flutter\Doremi_Doremi\Doremi_Doremi\Library\ScriptAssemblies\Unity.TestTools.CodeCoverage.Editor.dll
Symbol file LoadedFromMemory is not a mono symbol file
Symbol file data-00000230981D27F0 doesn't match image D:\Programming_Works\Unity_flutter\Doremi_Doremi\Doremi_Doremi\Library\ScriptAssemblies\Unity.TestTools.CodeCoverage.Editor.OpenCover.Model.dll
Symbol file LoadedFromMemory is not a mono symbol file
Symbol file data-000002306C148010 doesn't match image D:\Programming_Works\Unity_flutter\Doremi_Doremi\Doremi_Doremi\Library\ScriptAssemblies\Unity.PlasticSCM.Editor.dll
Symbol file LoadedFromMemory is not a mono symbol file
Symbol file data-0000023097EC0060 doesn't match image D:\Programming_Works\Unity_flutter\Doremi_Doremi\Doremi_Doremi\Library\ScriptAssemblies\UnityEngine.TestRunner.dll
Symbol file LoadedFromMemory is not a mono symbol file
Symbol file data-000002306C4F0030 doesn't match image D:\Programming_Works\Unity_flutter\Doremi_Doremi\Doremi_Doremi\Library\ScriptAssemblies\Unity.VisualScripting.State.Editor.dll
Symbol file LoadedFromMemory is not a mono symbol file
Symbol file data-000002306C8D7010 doesn't match image D:\Programming_Works\Unity_flutter\Doremi_Doremi\Doremi_Doremi\Library\ScriptAssemblies\Unity.Settings.Editor.dll
Symbol file LoadedFromMemory is not a mono symbol file
Symbol file data-00000230997E1170 doesn't match image D:\Programming_Works\Unity_flutter\Doremi_Doremi\Doremi_Doremi\Library\ScriptAssemblies\Overwriter.dll
Symbol file LoadedFromMemory is not a mono symbol file
Symbol file data-000002306C5E3E30 doesn't match image D:\Programming_Works\Unity_flutter\Doremi_Doremi\Doremi_Doremi\Library\ScriptAssemblies\Unity.CollabProxy.Editor.dll
Symbol file LoadedFromMemory is not a mono symbol file
Symbol file data-000002308FAA4D80 doesn't match image D:\Programming_Works\Unity_flutter\Doremi_Doremi\Doremi_Doremi\Library\ScriptAssemblies\Unity.TextMeshPro.dll
Symbol file LoadedFromMemory is not a mono symbol file
Symbol file data-000002306C1A8830 doesn't match image D:\Programming_Works\Unity_flutter\Doremi_Doremi\Doremi_Doremi\Library\ScriptAssemblies\Unity.TextMeshPro.Editor.dll
Symbol file LoadedFromMemory is not a mono symbol file
Symbol file data-000002306C8D7010 doesn't match image D:\Programming_Works\Unity_flutter\Doremi_Doremi\Doremi_Doremi\Library\ScriptAssemblies\Unity.VisualScripting.State.dll
Symbol file LoadedFromMemory is not a mono symbol file
Symbol file data-000002306C8D7010 doesn't match image D:\Programming_Works\Unity_flutter\Doremi_Doremi\Doremi_Doremi\Library\ScriptAssemblies\Unity.VSCode.Editor.dll
Symbol file LoadedFromMemory is not a mono symbol file
- Loaded All Assemblies, in  0.251 seconds
Refreshing native plugins compatible for Editor in 1.21 ms, found 3 plugins.
Native extension for WindowsStandalone target not found
Native extension for Android target not found
Mono: successfully reloaded assembly
- Finished resetting the current domain, in  0.469 seconds
Domain Reload Profiling: 719ms
	BeginReloadAssembly (96ms)
		ExecutionOrderSort (0ms)
		DisableScriptedObjects (3ms)
		BackupInstance (0ms)
		ReleaseScriptingObjects (0ms)
		CreateAndSetChildDomain (24ms)
	RebuildCommonClasses (18ms)
	RebuildNativeTypeToScriptingClass (7ms)
	initialDomainReloadingComplete (17ms)
	LoadAllAssembliesAndSetupDomain (113ms)
		LoadAssemblies (147ms)
		RebuildTransferFunctionScriptingTraits (0ms)
		AnalyzeDomain (13ms)
			TypeCache.Refresh (5ms)
				TypeCache.ScanAssembly (0ms)
			ScanForSourceGeneratedMonoScriptInfo (4ms)
			ResolveRequiredComponents (3ms)
	FinalizeReload (470ms)
		ReleaseScriptCaches (0ms)
		RebuildScriptCaches (0ms)
		SetupLoadedEditorAssemblies (227ms)
			LogAssemblyErrors (0ms)
			InitializePlatformSupportModulesInManaged (14ms)
			SetLoadedEditorAssemblies (3ms)
			RefreshPlugins (0ms)
			BeforeProcessingInitializeOnLoad (38ms)
			ProcessInitializeOnLoadAttributes (154ms)
			ProcessInitializeOnLoadMethodAttributes (14ms)
			AfterProcessingInitializeOnLoad (4ms)
			EditorAssembliesLoaded (0ms)
		ExecutionOrderSort2 (0ms)
		AwakeInstancesAfterBackupRestoration (5ms)
Refreshing native plugins compatible for Editor in 1.15 ms, found 3 plugins.
Preloading 0 native plugins for Editor in 0.00 ms.
Unloading 3213 Unused Serialized files (Serialized files now loaded: 0)
Unloading 27 unused Assets / (31.1 KB). Loaded Objects now: 3719.
Memory consumption went from 136.2 MB to 136.1 MB.
Total: 2.020900 ms (FindLiveObjects: 0.178800 ms CreateObjectMapping: 0.045100 ms MarkObjects: 1.758100 ms  DeleteObjects: 0.038300 ms)

Prepare: number of updated asset objects reloaded= 0
AssetImportParameters requested are different than current active one (requested -> active):
  custom:container-demuxer-ogg: 62fdf1f143b41e24485cea50d1cbac27 -> 
  custom:video-decoder-ogg-theora: a1e56fd34408186e4bbccfd4996cb3dc -> 
  custom:framework-win-MediaFoundation: 216162199b28c13a410421893ffa2e32 -> 
  custom:CustomObjectIndexerAttribute: 9a22284fe3817be447336de3de66b15e -> 
  custom:container-demuxer-webm: 4f35f7cbe854078d1ac9338744f61a02 -> 
  custom:container-muxer-webm: aa71ff27fc2769a1b78a27578f13a17b -> 
  custom:video-decoder-webm-vp8: 9c59270c3fd7afecdb556c50c9e8de78 -> 
  custom:SearchIndexIgnoredProperties: e643bd26f0fe6173181afceb89e7c659 -> 
  custom:AudioImporter_EditorPlatform: d09bf68614088b80899f8185d706f6e7 -> 
  custom:video-encoder-webm-vp8: eb34c28f22e8b96e1ab97ce403110664 -> 
  custom:audio-decoder-ogg-vorbis: bf7c407c2cedff20999df2af8eb42d56 -> 
  custom:audio-encoder-webm-vorbis: bf7c407c2cedff20999df2af8eb42d56 -> 
========================================================================
Received Prepare
Begin MonoManager ReloadAssembly
Symbol file data-00000230981D27F0 doesn't match image D:\Programming_Works\Unity_flutter\Doremi_Doremi\Doremi_Doremi\Library\ScriptAssemblies\Unity.EditorCoroutines.Editor.dll
Symbol file LoadedFromMemory is not a mono symbol file
Symbol file data-000002306C148010 doesn't match image D:\Programming_Works\Unity_flutter\Doremi_Doremi\Doremi_Doremi\Library\ScriptAssemblies\Unity.Timeline.Editor.dll
Symbol file LoadedFromMemory is not a mono symbol file
Symbol file data-00000230997E1170 doesn't match image D:\Programming_Works\Unity_flutter\Doremi_Doremi\Doremi_Doremi\Library\ScriptAssemblies\Unity.VisualScripting.Shared.Editor.dll
Symbol file LoadedFromMemory is not a mono symbol file
Symbol file data-00000230977FC020 doesn't match image D:\Programming_Works\Unity_flutter\Doremi_Doremi\Doremi_Doremi\Library\ScriptAssemblies\Unity.VisualStudio.Editor.dll
Symbol file LoadedFromMemory is not a mono symbol file
Symbol file data-0000023098665040 doesn't match image D:\Programming_Works\Unity_flutter\Doremi_Doremi\Doremi_Doremi\Library\ScriptAssemblies\UnityEditor.UI.dll
Symbol file LoadedFromMemory is not a mono symbol file
Symbol file data-0000023096E1C020 doesn't match image D:\Programming_Works\Unity_flutter\Doremi_Doremi\Doremi_Doremi\Library\ScriptAssemblies\Unity.VisualScripting.Core.dll
Symbol file LoadedFromMemory is not a mono symbol file
Symbol file data-000002308E024050 doesn't match image D:\Programming_Works\Unity_flutter\Doremi_Doremi\Doremi_Doremi\Library\ScriptAssemblies\UnityEngine.UI.dll
Symbol file LoadedFromMemory is not a mono symbol file
Symbol file data-000002308FE55020 doesn't match image D:\Programming_Works\Unity_flutter\Doremi_Doremi\Doremi_Doremi\Library\ScriptAssemblies\Unity.VisualScripting.Core.Editor.dll
Symbol file LoadedFromMemory is not a mono symbol file
Symbol file data-000002306C0862C0 doesn't match image D:\Programming_Works\Unity_flutter\Doremi_Doremi\Doremi_Doremi\Library\ScriptAssemblies\Unity.Rider.Editor.dll
Symbol file LoadedFromMemory is not a mono symbol file
Symbol file data-000002306C1A8830 doesn't match image D:\Programming_Works\Unity_flutter\Doremi_Doremi\Doremi_Doremi\Library\ScriptAssemblies\Unity.2D.Sprite.Editor.dll
Symbol file LoadedFromMemory is not a mono symbol file
Symbol file data-00000230979EA010 doesn't match image D:\Programming_Works\Unity_flutter\Doremi_Doremi\Doremi_Doremi\Library\ScriptAssemblies\UnityEditor.TestRunner.dll
Symbol file LoadedFromMemory is not a mono symbol file
Symbol file data-00000230DB7C6020 doesn't match image D:\Programming_Works\Unity_flutter\Doremi_Doremi\Doremi_Doremi\Library\ScriptAssemblies\Unity.VisualScripting.Flow.dll
Symbol file LoadedFromMemory is not a mono symbol file
Symbol file data-00000230979EA010 doesn't match image D:\Programming_Works\Unity_flutter\Doremi_Doremi\Doremi_Doremi\Library\ScriptAssemblies\Unity.VisualScripting.Flow.Editor.dll
Symbol file LoadedFromMemory is not a mono symbol file
Symbol file data-000002306C1A8830 doesn't match image D:\Programming_Works\Unity_flutter\Doremi_Doremi\Doremi_Doremi\Library\ScriptAssemblies\Unity.Timeline.dll
Symbol file LoadedFromMemory is not a mono symbol file
Symbol file data-00000230997E1170 doesn't match image D:\Programming_Works\Unity_flutter\Doremi_Doremi\Doremi_Doremi\Library\ScriptAssemblies\Unity.TestTools.CodeCoverage.Editor.OpenCover.Mono.Reflection.dll
Symbol file LoadedFromMemory is not a mono symbol file
Symbol file data-00000230997E1170 doesn't match image D:\Programming_Works\Unity_flutter\Doremi_Doremi\Doremi_Doremi\Library\ScriptAssemblies\Unity.VisualScripting.SettingsProvider.Editor.dll
Symbol file LoadedFromMemory is not a mono symbol file
Symbol file data-00000230979EA010 doesn't match image D:\Programming_Works\Unity_flutter\Doremi_Doremi\Doremi_Doremi\Library\ScriptAssemblies\Unity.Performance.Profile-Analyzer.Editor.dll
Symbol file LoadedFromMemory is not a mono symbol file
Symbol file data-00000230977FC020 doesn't match image D:\Programming_Works\Unity_flutter\Doremi_Doremi\Doremi_Doremi\Library\ScriptAssemblies\Unity.TestTools.CodeCoverage.Editor.dll
Symbol file LoadedFromMemory is not a mono symbol file
Symbol file data-0000023048F63D30 doesn't match image D:\Programming_Works\Unity_flutter\Doremi_Doremi\Doremi_Doremi\Library\ScriptAssemblies\Unity.TestTools.CodeCoverage.Editor.OpenCover.Model.dll
Symbol file LoadedFromMemory is not a mono symbol file
Symbol file data-000002306C148010 doesn't match image D:\Programming_Works\Unity_flutter\Doremi_Doremi\Doremi_Doremi\Library\ScriptAssemblies\Unity.PlasticSCM.Editor.dll
Symbol file LoadedFromMemory is not a mono symbol file
Symbol file data-00000230971FA060 doesn't match image D:\Programming_Works\Unity_flutter\Doremi_Doremi\Doremi_Doremi\Library\ScriptAssemblies\UnityEngine.TestRunner.dll
Symbol file LoadedFromMemory is not a mono symbol file
Symbol file data-000002306C4F0030 doesn't match image D:\Programming_Works\Unity_flutter\Doremi_Doremi\Doremi_Doremi\Library\ScriptAssemblies\Unity.VisualScripting.State.Editor.dll
Symbol file LoadedFromMemory is not a mono symbol file
Symbol file data-0000023048F63D30 doesn't match image D:\Programming_Works\Unity_flutter\Doremi_Doremi\Doremi_Doremi\Library\ScriptAssemblies\Unity.Settings.Editor.dll
Symbol file LoadedFromMemory is not a mono symbol file
Symbol file data-0000023097A02820 doesn't match image D:\Programming_Works\Unity_flutter\Doremi_Doremi\Doremi_Doremi\Library\ScriptAssemblies\Overwriter.dll
Symbol file LoadedFromMemory is not a mono symbol file
Symbol file data-000002309721D010 doesn't match image D:\Programming_Works\Unity_flutter\Doremi_Doremi\Doremi_Doremi\Library\ScriptAssemblies\Unity.CollabProxy.Editor.dll
Symbol file LoadedFromMemory is not a mono symbol file
Symbol file data-0000023098783020 doesn't match image D:\Programming_Works\Unity_flutter\Doremi_Doremi\Doremi_Doremi\Library\ScriptAssemblies\Unity.TextMeshPro.dll
Symbol file LoadedFromMemory is not a mono symbol file
Symbol file data-000002306C1A8830 doesn't match image D:\Programming_Works\Unity_flutter\Doremi_Doremi\Doremi_Doremi\Library\ScriptAssemblies\Unity.TextMeshPro.Editor.dll
Symbol file LoadedFromMemory is not a mono symbol file
Symbol file data-00000230986D2030 doesn't match image D:\Programming_Works\Unity_flutter\Doremi_Doremi\Doremi_Doremi\Library\ScriptAssemblies\Unity.VisualScripting.State.dll
Symbol file LoadedFromMemory is not a mono symbol file
Symbol file data-00000230986D2030 doesn't match image D:\Programming_Works\Unity_flutter\Doremi_Doremi\Doremi_Doremi\Library\ScriptAssemblies\Unity.VSCode.Editor.dll
Symbol file LoadedFromMemory is not a mono symbol file
- Loaded All Assemblies, in  0.250 seconds
Refreshing native plugins compatible for Editor in 1.21 ms, found 3 plugins.
Native extension for WindowsStandalone target not found
Native extension for Android target not found
Mono: successfully reloaded assembly
- Finished resetting the current domain, in  0.540 seconds
Domain Reload Profiling: 789ms
	BeginReloadAssembly (98ms)
		ExecutionOrderSort (0ms)
		DisableScriptedObjects (3ms)
		BackupInstance (0ms)
		ReleaseScriptingObjects (0ms)
		CreateAndSetChildDomain (24ms)
	RebuildCommonClasses (19ms)
	RebuildNativeTypeToScriptingClass (7ms)
	initialDomainReloadingComplete (16ms)
	LoadAllAssembliesAndSetupDomain (109ms)
		LoadAssemblies (150ms)
		RebuildTransferFunctionScriptingTraits (0ms)
		AnalyzeDomain (8ms)
			TypeCache.Refresh (3ms)
				TypeCache.ScanAssembly (0ms)
			ScanForSourceGeneratedMonoScriptInfo (0ms)
			ResolveRequiredComponents (3ms)
	FinalizeReload (540ms)
		ReleaseScriptCaches (0ms)
		RebuildScriptCaches (0ms)
		SetupLoadedEditorAssemblies (263ms)
			LogAssemblyErrors (0ms)
			InitializePlatformSupportModulesInManaged (18ms)
			SetLoadedEditorAssemblies (3ms)
			RefreshPlugins (0ms)
			BeforeProcessingInitializeOnLoad (45ms)
			ProcessInitializeOnLoadAttributes (179ms)
			ProcessInitializeOnLoadMethodAttributes (14ms)
			AfterProcessingInitializeOnLoad (5ms)
			EditorAssembliesLoaded (0ms)
		ExecutionOrderSort2 (0ms)
		AwakeInstancesAfterBackupRestoration (6ms)
Refreshing native plugins compatible for Editor in 1.32 ms, found 3 plugins.
Preloading 0 native plugins for Editor in 0.00 ms.
Unloading 3213 Unused Serialized files (Serialized files now loaded: 0)
Unloading 27 unused Assets / (31.2 KB). Loaded Objects now: 3722.
Memory consumption went from 138.1 MB to 138.1 MB.
Total: 2.183200 ms (FindLiveObjects: 0.195900 ms CreateObjectMapping: 0.061700 ms MarkObjects: 1.874400 ms  DeleteObjects: 0.050500 ms)

Prepare: number of updated asset objects reloaded= 0
AssetImportParameters requested are different than current active one (requested -> active):
  custom:container-demuxer-ogg: 62fdf1f143b41e24485cea50d1cbac27 -> 
  custom:video-decoder-ogg-theora: a1e56fd34408186e4bbccfd4996cb3dc -> 
  custom:framework-win-MediaFoundation: 216162199b28c13a410421893ffa2e32 -> 
  custom:CustomObjectIndexerAttribute: 9a22284fe3817be447336de3de66b15e -> 
  custom:container-demuxer-webm: 4f35f7cbe854078d1ac9338744f61a02 -> 
  custom:container-muxer-webm: aa71ff27fc2769a1b78a27578f13a17b -> 
  custom:video-decoder-webm-vp8: 9c59270c3fd7afecdb556c50c9e8de78 -> 
  custom:SearchIndexIgnoredProperties: e643bd26f0fe6173181afceb89e7c659 -> 
  custom:AudioImporter_EditorPlatform: d09bf68614088b80899f8185d706f6e7 -> 
  custom:video-encoder-webm-vp8: eb34c28f22e8b96e1ab97ce403110664 -> 
  custom:audio-decoder-ogg-vorbis: bf7c407c2cedff20999df2af8eb42d56 -> 
  custom:audio-encoder-webm-vorbis: bf7c407c2cedff20999df2af8eb42d56 -> 
========================================================================
Received Prepare
Begin MonoManager ReloadAssembly
Symbol file data-00000230981D27F0 doesn't match image D:\Programming_Works\Unity_flutter\Doremi_Doremi\Doremi_Doremi\Library\ScriptAssemblies\Unity.EditorCoroutines.Editor.dll
Symbol file LoadedFromMemory is not a mono symbol file
Symbol file data-000002306C148010 doesn't match image D:\Programming_Works\Unity_flutter\Doremi_Doremi\Doremi_Doremi\Library\ScriptAssemblies\Unity.Timeline.Editor.dll
Symbol file LoadedFromMemory is not a mono symbol file
Symbol file data-00000230997E1170 doesn't match image D:\Programming_Works\Unity_flutter\Doremi_Doremi\Doremi_Doremi\Library\ScriptAssemblies\Unity.VisualScripting.Shared.Editor.dll
Symbol file LoadedFromMemory is not a mono symbol file
Symbol file data-0000023096DB6020 doesn't match image D:\Programming_Works\Unity_flutter\Doremi_Doremi\Doremi_Doremi\Library\ScriptAssemblies\Unity.VisualStudio.Editor.dll
Symbol file LoadedFromMemory is not a mono symbol file
Symbol file data-0000023098665040 doesn't match image D:\Programming_Works\Unity_flutter\Doremi_Doremi\Doremi_Doremi\Library\ScriptAssemblies\UnityEditor.UI.dll
Symbol file LoadedFromMemory is not a mono symbol file
Symbol file data-0000023096D64030 doesn't match image D:\Programming_Works\Unity_flutter\Doremi_Doremi\Doremi_Doremi\Library\ScriptAssemblies\Unity.VisualScripting.Core.dll
Symbol file LoadedFromMemory is not a mono symbol file
Symbol file data-000002308E9DC010 doesn't match image D:\Programming_Works\Unity_flutter\Doremi_Doremi\Doremi_Doremi\Library\ScriptAssemblies\UnityEngine.UI.dll
Symbol file LoadedFromMemory is not a mono symbol file
Symbol file data-000002308FE55020 doesn't match image D:\Programming_Works\Unity_flutter\Doremi_Doremi\Doremi_Doremi\Library\ScriptAssemblies\Unity.VisualScripting.Core.Editor.dll
Symbol file LoadedFromMemory is not a mono symbol file
Symbol file data-000002306C0862C0 doesn't match image D:\Programming_Works\Unity_flutter\Doremi_Doremi\Doremi_Doremi\Library\ScriptAssemblies\Unity.Rider.Editor.dll
Symbol file LoadedFromMemory is not a mono symbol file
Symbol file data-000002306C1A8830 doesn't match image D:\Programming_Works\Unity_flutter\Doremi_Doremi\Doremi_Doremi\Library\ScriptAssemblies\Unity.2D.Sprite.Editor.dll
Symbol file LoadedFromMemory is not a mono symbol file
Symbol file data-00000230979EA010 doesn't match image D:\Programming_Works\Unity_flutter\Doremi_Doremi\Doremi_Doremi\Library\ScriptAssemblies\UnityEditor.TestRunner.dll
Symbol file LoadedFromMemory is not a mono symbol file
Symbol file data-0000023097E7F060 doesn't match image D:\Programming_Works\Unity_flutter\Doremi_Doremi\Doremi_Doremi\Library\ScriptAssemblies\Unity.VisualScripting.Flow.dll
Symbol file LoadedFromMemory is not a mono symbol file
Symbol file data-00000230979EA010 doesn't match image D:\Programming_Works\Unity_flutter\Doremi_Doremi\Doremi_Doremi\Library\ScriptAssemblies\Unity.VisualScripting.Flow.Editor.dll
Symbol file LoadedFromMemory is not a mono symbol file
Symbol file data-00000230DC227040 doesn't match image D:\Programming_Works\Unity_flutter\Doremi_Doremi\Doremi_Doremi\Library\ScriptAssemblies\Unity.Timeline.dll
Symbol file LoadedFromMemory is not a mono symbol file
Symbol file data-0000023048F63D30 doesn't match image D:\Programming_Works\Unity_flutter\Doremi_Doremi\Doremi_Doremi\Library\ScriptAssemblies\Unity.TestTools.CodeCoverage.Editor.OpenCover.Mono.Reflection.dll
Symbol file LoadedFromMemory is not a mono symbol file
Symbol file data-0000023048F63D30 doesn't match image D:\Programming_Works\Unity_flutter\Doremi_Doremi\Doremi_Doremi\Library\ScriptAssemblies\Unity.VisualScripting.SettingsProvider.Editor.dll
Symbol file LoadedFromMemory is not a mono symbol file
Symbol file data-00000230979EA010 doesn't match image D:\Programming_Works\Unity_flutter\Doremi_Doremi\Doremi_Doremi\Library\ScriptAssemblies\Unity.Performance.Profile-Analyzer.Editor.dll
Symbol file LoadedFromMemory is not a mono symbol file
Symbol file data-0000023096DB6020 doesn't match image D:\Programming_Works\Unity_flutter\Doremi_Doremi\Doremi_Doremi\Library\ScriptAssemblies\Unity.TestTools.CodeCoverage.Editor.dll
Symbol file LoadedFromMemory is not a mono symbol file
Symbol file data-000002308EC1A090 doesn't match image D:\Programming_Works\Unity_flutter\Doremi_Doremi\Doremi_Doremi\Library\ScriptAssemblies\Unity.TestTools.CodeCoverage.Editor.OpenCover.Model.dll
Symbol file LoadedFromMemory is not a mono symbol file
Symbol file data-000002306C148010 doesn't match image D:\Programming_Works\Unity_flutter\Doremi_Doremi\Doremi_Doremi\Library\ScriptAssemblies\Unity.PlasticSCM.Editor.dll
Symbol file LoadedFromMemory is not a mono symbol file
Symbol file data-00000230971FA060 doesn't match image D:\Programming_Works\Unity_flutter\Doremi_Doremi\Doremi_Doremi\Library\ScriptAssemblies\UnityEngine.TestRunner.dll
Symbol file LoadedFromMemory is not a mono symbol file
Symbol file data-00000230DB365030 doesn't match image D:\Programming_Works\Unity_flutter\Doremi_Doremi\Doremi_Doremi\Library\ScriptAssemblies\Unity.VisualScripting.State.Editor.dll
Symbol file LoadedFromMemory is not a mono symbol file
Symbol file data-000002308EC1A090 doesn't match image D:\Programming_Works\Unity_flutter\Doremi_Doremi\Doremi_Doremi\Library\ScriptAssemblies\Unity.Settings.Editor.dll
Symbol file LoadedFromMemory is not a mono symbol file
Symbol file data-0000023097A02820 doesn't match image D:\Programming_Works\Unity_flutter\Doremi_Doremi\Doremi_Doremi\Library\ScriptAssemblies\Overwriter.dll
Symbol file LoadedFromMemory is not a mono symbol file
Symbol file data-0000023097A02820 doesn't match image D:\Programming_Works\Unity_flutter\Doremi_Doremi\Doremi_Doremi\Library\ScriptAssemblies\Unity.CollabProxy.Editor.dll
Symbol file LoadedFromMemory is not a mono symbol file
Symbol file data-0000023098783020 doesn't match image D:\Programming_Works\Unity_flutter\Doremi_Doremi\Doremi_Doremi\Library\ScriptAssemblies\Unity.TextMeshPro.dll
Symbol file LoadedFromMemory is not a mono symbol file
Symbol file data-000002306C1A8830 doesn't match image D:\Programming_Works\Unity_flutter\Doremi_Doremi\Doremi_Doremi\Library\ScriptAssemblies\Unity.TextMeshPro.Editor.dll
Symbol file LoadedFromMemory is not a mono symbol file
Symbol file data-000002306C7EB010 doesn't match image D:\Programming_Works\Unity_flutter\Doremi_Doremi\Doremi_Doremi\Library\ScriptAssemblies\Unity.VisualScripting.State.dll
Symbol file LoadedFromMemory is not a mono symbol file
Symbol file data-000002306C7EB010 doesn't match image D:\Programming_Works\Unity_flutter\Doremi_Doremi\Doremi_Doremi\Library\ScriptAssemblies\Unity.VSCode.Editor.dll
Symbol file LoadedFromMemory is not a mono symbol file
- Loaded All Assemblies, in  0.271 seconds
Refreshing native plugins compatible for Editor in 1.28 ms, found 3 plugins.
Native extension for WindowsStandalone target not found
Native extension for Android target not found
Mono: successfully reloaded assembly
- Finished resetting the current domain, in  0.469 seconds
Domain Reload Profiling: 738ms
	BeginReloadAssembly (106ms)
		ExecutionOrderSort (0ms)
		DisableScriptedObjects (4ms)
		BackupInstance (0ms)
		ReleaseScriptingObjects (0ms)
		CreateAndSetChildDomain (27ms)
	RebuildCommonClasses (18ms)
	RebuildNativeTypeToScriptingClass (7ms)
	initialDomainReloadingComplete (17ms)
	LoadAllAssembliesAndSetupDomain (122ms)
		LoadAssemblies (160ms)
		RebuildTransferFunctionScriptingTraits (0ms)
		AnalyzeDomain (15ms)
			TypeCache.Refresh (5ms)
				TypeCache.ScanAssembly (0ms)
			ScanForSourceGeneratedMonoScriptInfo (4ms)
			ResolveRequiredComponents (4ms)
	FinalizeReload (469ms)
		ReleaseScriptCaches (0ms)
		RebuildScriptCaches (0ms)
		SetupLoadedEditorAssemblies (229ms)
			LogAssemblyErrors (0ms)
			InitializePlatformSupportModulesInManaged (15ms)
			SetLoadedEditorAssemblies (3ms)
			RefreshPlugins (0ms)
			BeforeProcessingInitializeOnLoad (37ms)
			ProcessInitializeOnLoadAttributes (156ms)
			ProcessInitializeOnLoadMethodAttributes (12ms)
			AfterProcessingInitializeOnLoad (5ms)
			EditorAssembliesLoaded (0ms)
		ExecutionOrderSort2 (0ms)
		AwakeInstancesAfterBackupRestoration (5ms)
Refreshing native plugins compatible for Editor in 1.21 ms, found 3 plugins.
Preloading 0 native plugins for Editor in 0.00 ms.
Unloading 3213 Unused Serialized files (Serialized files now loaded: 0)
Unloading 27 unused Assets / (31.1 KB). Loaded Objects now: 3725.
Memory consumption went from 140.0 MB to 140.0 MB.
Total: 1.997300 ms (FindLiveObjects: 0.200300 ms CreateObjectMapping: 0.052100 ms MarkObjects: 1.704600 ms  DeleteObjects: 0.039800 ms)

Prepare: number of updated asset objects reloaded= 0
AssetImportParameters requested are different than current active one (requested -> active):
  custom:container-demuxer-ogg: 62fdf1f143b41e24485cea50d1cbac27 -> 
  custom:video-decoder-ogg-theora: a1e56fd34408186e4bbccfd4996cb3dc -> 
  custom:framework-win-MediaFoundation: 216162199b28c13a410421893ffa2e32 -> 
  custom:CustomObjectIndexerAttribute: 9a22284fe3817be447336de3de66b15e -> 
  custom:container-demuxer-webm: 4f35f7cbe854078d1ac9338744f61a02 -> 
  custom:container-muxer-webm: aa71ff27fc2769a1b78a27578f13a17b -> 
  custom:video-decoder-webm-vp8: 9c59270c3fd7afecdb556c50c9e8de78 -> 
  custom:SearchIndexIgnoredProperties: e643bd26f0fe6173181afceb89e7c659 -> 
  custom:AudioImporter_EditorPlatform: d09bf68614088b80899f8185d706f6e7 -> 
  custom:video-encoder-webm-vp8: eb34c28f22e8b96e1ab97ce403110664 -> 
  custom:audio-decoder-ogg-vorbis: bf7c407c2cedff20999df2af8eb42d56 -> 
  custom:audio-encoder-webm-vorbis: bf7c407c2cedff20999df2af8eb42d56 -> 
========================================================================
Received Prepare
Begin MonoManager ReloadAssembly
Symbol file data-00000230981D27F0 doesn't match image D:\Programming_Works\Unity_flutter\Doremi_Doremi\Doremi_Doremi\Library\ScriptAssemblies\Unity.EditorCoroutines.Editor.dll
Symbol file LoadedFromMemory is not a mono symbol file
Symbol file data-000002306C148010 doesn't match image D:\Programming_Works\Unity_flutter\Doremi_Doremi\Doremi_Doremi\Library\ScriptAssemblies\Unity.Timeline.Editor.dll
Symbol file LoadedFromMemory is not a mono symbol file
Symbol file data-00000230DC7A5BE0 doesn't match image D:\Programming_Works\Unity_flutter\Doremi_Doremi\Doremi_Doremi\Library\ScriptAssemblies\Unity.VisualScripting.Shared.Editor.dll
Symbol file LoadedFromMemory is not a mono symbol file
Symbol file data-000002308E269020 doesn't match image D:\Programming_Works\Unity_flutter\Doremi_Doremi\Doremi_Doremi\Library\ScriptAssemblies\Unity.VisualStudio.Editor.dll
Symbol file LoadedFromMemory is not a mono symbol file
Symbol file data-0000023096DBA030 doesn't match image D:\Programming_Works\Unity_flutter\Doremi_Doremi\Doremi_Doremi\Library\ScriptAssemblies\UnityEditor.UI.dll
Symbol file LoadedFromMemory is not a mono symbol file
Symbol file data-00000230DC340020 doesn't match image D:\Programming_Works\Unity_flutter\Doremi_Doremi\Doremi_Doremi\Library\ScriptAssemblies\Unity.VisualScripting.Core.dll
Symbol file LoadedFromMemory is not a mono symbol file
Symbol file data-0000023099A8A030 doesn't match image D:\Programming_Works\Unity_flutter\Doremi_Doremi\Doremi_Doremi\Library\ScriptAssemblies\UnityEngine.UI.dll
Symbol file LoadedFromMemory is not a mono symbol file
Symbol file data-000002308FE55020 doesn't match image D:\Programming_Works\Unity_flutter\Doremi_Doremi\Doremi_Doremi\Library\ScriptAssemblies\Unity.VisualScripting.Core.Editor.dll
Symbol file LoadedFromMemory is not a mono symbol file
Symbol file data-000002306C0862C0 doesn't match image D:\Programming_Works\Unity_flutter\Doremi_Doremi\Doremi_Doremi\Library\ScriptAssemblies\Unity.Rider.Editor.dll
Symbol file LoadedFromMemory is not a mono symbol file
Symbol file data-000002306C1A8830 doesn't match image D:\Programming_Works\Unity_flutter\Doremi_Doremi\Doremi_Doremi\Library\ScriptAssemblies\Unity.2D.Sprite.Editor.dll
Symbol file LoadedFromMemory is not a mono symbol file
Symbol file data-000002306BAE6F60 doesn't match image D:\Programming_Works\Unity_flutter\Doremi_Doremi\Doremi_Doremi\Library\ScriptAssemblies\UnityEditor.TestRunner.dll
Symbol file LoadedFromMemory is not a mono symbol file
Symbol file data-00000230DC207020 doesn't match image D:\Programming_Works\Unity_flutter\Doremi_Doremi\Doremi_Doremi\Library\ScriptAssemblies\Unity.VisualScripting.Flow.dll
Symbol file LoadedFromMemory is not a mono symbol file
Symbol file data-0000023097BE2010 doesn't match image D:\Programming_Works\Unity_flutter\Doremi_Doremi\Doremi_Doremi\Library\ScriptAssemblies\Unity.VisualScripting.Flow.Editor.dll
Symbol file LoadedFromMemory is not a mono symbol file
Symbol file data-000002306C1A8830 doesn't match image D:\Programming_Works\Unity_flutter\Doremi_Doremi\Doremi_Doremi\Library\ScriptAssemblies\Unity.Timeline.dll
Symbol file LoadedFromMemory is not a mono symbol file
Symbol file data-00000230DC7A5BE0 doesn't match image D:\Programming_Works\Unity_flutter\Doremi_Doremi\Doremi_Doremi\Library\ScriptAssemblies\Unity.TestTools.CodeCoverage.Editor.OpenCover.Mono.Reflection.dll
Symbol file LoadedFromMemory is not a mono symbol file
Symbol file data-00000230DC7A5BE0 doesn't match image D:\Programming_Works\Unity_flutter\Doremi_Doremi\Doremi_Doremi\Library\ScriptAssemblies\Unity.VisualScripting.SettingsProvider.Editor.dll
Symbol file LoadedFromMemory is not a mono symbol file
Symbol file data-0000023097BE2010 doesn't match image D:\Programming_Works\Unity_flutter\Doremi_Doremi\Doremi_Doremi\Library\ScriptAssemblies\Unity.Performance.Profile-Analyzer.Editor.dll
Symbol file LoadedFromMemory is not a mono symbol file
Symbol file data-000002308E269020 doesn't match image D:\Programming_Works\Unity_flutter\Doremi_Doremi\Doremi_Doremi\Library\ScriptAssemblies\Unity.TestTools.CodeCoverage.Editor.dll
Symbol file LoadedFromMemory is not a mono symbol file
Symbol file data-00000230999DF050 doesn't match image D:\Programming_Works\Unity_flutter\Doremi_Doremi\Doremi_Doremi\Library\ScriptAssemblies\Unity.TestTools.CodeCoverage.Editor.OpenCover.Model.dll
Symbol file LoadedFromMemory is not a mono symbol file
Symbol file data-000002306C148010 doesn't match image D:\Programming_Works\Unity_flutter\Doremi_Doremi\Doremi_Doremi\Library\ScriptAssemblies\Unity.PlasticSCM.Editor.dll
Symbol file LoadedFromMemory is not a mono symbol file
Symbol file data-0000023096DA5870 doesn't match image D:\Programming_Works\Unity_flutter\Doremi_Doremi\Doremi_Doremi\Library\ScriptAssemblies\UnityEngine.TestRunner.dll
Symbol file LoadedFromMemory is not a mono symbol file
Symbol file data-0000023096DBA030 doesn't match image D:\Programming_Works\Unity_flutter\Doremi_Doremi\Doremi_Doremi\Library\ScriptAssemblies\Unity.VisualScripting.State.Editor.dll
Symbol file LoadedFromMemory is not a mono symbol file
Symbol file data-00000230999DF050 doesn't match image D:\Programming_Works\Unity_flutter\Doremi_Doremi\Doremi_Doremi\Library\ScriptAssemblies\Unity.Settings.Editor.dll
Symbol file LoadedFromMemory is not a mono symbol file
Symbol file data-00000230DC7A5BE0 doesn't match image D:\Programming_Works\Unity_flutter\Doremi_Doremi\Doremi_Doremi\Library\ScriptAssemblies\Overwriter.dll
Symbol file LoadedFromMemory is not a mono symbol file
Symbol file data-000002308E8BB010 doesn't match image D:\Programming_Works\Unity_flutter\Doremi_Doremi\Doremi_Doremi\Library\ScriptAssemblies\Unity.CollabProxy.Editor.dll
Symbol file LoadedFromMemory is not a mono symbol file
Symbol file data-0000023098783020 doesn't match image D:\Programming_Works\Unity_flutter\Doremi_Doremi\Doremi_Doremi\Library\ScriptAssemblies\Unity.TextMeshPro.dll
Symbol file LoadedFromMemory is not a mono symbol file
Symbol file data-000002306C1A8830 doesn't match image D:\Programming_Works\Unity_flutter\Doremi_Doremi\Doremi_Doremi\Library\ScriptAssemblies\Unity.TextMeshPro.Editor.dll
Symbol file LoadedFromMemory is not a mono symbol file
Symbol file data-00000230999DF050 doesn't match image D:\Programming_Works\Unity_flutter\Doremi_Doremi\Doremi_Doremi\Library\ScriptAssemblies\Unity.VisualScripting.State.dll
Symbol file LoadedFromMemory is not a mono symbol file
Symbol file data-00000230999DF050 doesn't match image D:\Programming_Works\Unity_flutter\Doremi_Doremi\Doremi_Doremi\Library\ScriptAssemblies\Unity.VSCode.Editor.dll
Symbol file LoadedFromMemory is not a mono symbol file
- Loaded All Assemblies, in  0.254 seconds
Refreshing native plugins compatible for Editor in 1.41 ms, found 3 plugins.
Native extension for WindowsStandalone target not found
Native extension for Android target not found
Mono: successfully reloaded assembly
- Finished resetting the current domain, in  0.548 seconds
Domain Reload Profiling: 801ms
	BeginReloadAssembly (99ms)
		ExecutionOrderSort (0ms)
		DisableScriptedObjects (3ms)
		BackupInstance (0ms)
		ReleaseScriptingObjects (0ms)
		CreateAndSetChildDomain (24ms)
	RebuildCommonClasses (19ms)
	RebuildNativeTypeToScriptingClass (7ms)
	initialDomainReloadingComplete (16ms)
	LoadAllAssembliesAndSetupDomain (112ms)
		LoadAssemblies (151ms)
		RebuildTransferFunctionScriptingTraits (0ms)
		AnalyzeDomain (10ms)
			TypeCache.Refresh (4ms)
				TypeCache.ScanAssembly (0ms)
			ScanForSourceGeneratedMonoScriptInfo (0ms)
			ResolveRequiredComponents (5ms)
	FinalizeReload (549ms)
		ReleaseScriptCaches (0ms)
		RebuildScriptCaches (0ms)
		SetupLoadedEditorAssemblies (262ms)
			LogAssemblyErrors (0ms)
			InitializePlatformSupportModulesInManaged (18ms)
			SetLoadedEditorAssemblies (3ms)
			RefreshPlugins (0ms)
			BeforeProcessingInitializeOnLoad (43ms)
			ProcessInitializeOnLoadAttributes (178ms)
			ProcessInitializeOnLoadMethodAttributes (14ms)
			AfterProcessingInitializeOnLoad (5ms)
			EditorAssembliesLoaded (0ms)
		ExecutionOrderSort2 (0ms)
		AwakeInstancesAfterBackupRestoration (6ms)
Refreshing native plugins compatible for Editor in 1.35 ms, found 3 plugins.
Preloading 0 native plugins for Editor in 0.00 ms.
Unloading 3213 Unused Serialized files (Serialized files now loaded: 0)
Unloading 27 unused Assets / (31.1 KB). Loaded Objects now: 3728.
Memory consumption went from 141.9 MB to 141.9 MB.
Total: 2.217200 ms (FindLiveObjects: 0.224600 ms CreateObjectMapping: 0.071500 ms MarkObjects: 1.881200 ms  DeleteObjects: 0.039000 ms)

Prepare: number of updated asset objects reloaded= 0
AssetImportParameters requested are different than current active one (requested -> active):
  custom:container-demuxer-ogg: 62fdf1f143b41e24485cea50d1cbac27 -> 
  custom:video-decoder-ogg-theora: a1e56fd34408186e4bbccfd4996cb3dc -> 
  custom:framework-win-MediaFoundation: 216162199b28c13a410421893ffa2e32 -> 
  custom:CustomObjectIndexerAttribute: 9a22284fe3817be447336de3de66b15e -> 
  custom:container-demuxer-webm: 4f35f7cbe854078d1ac9338744f61a02 -> 
  custom:container-muxer-webm: aa71ff27fc2769a1b78a27578f13a17b -> 
  custom:video-decoder-webm-vp8: 9c59270c3fd7afecdb556c50c9e8de78 -> 
  custom:SearchIndexIgnoredProperties: e643bd26f0fe6173181afceb89e7c659 -> 
  custom:AudioImporter_EditorPlatform: d09bf68614088b80899f8185d706f6e7 -> 
  custom:video-encoder-webm-vp8: eb34c28f22e8b96e1ab97ce403110664 -> 
  custom:audio-decoder-ogg-vorbis: bf7c407c2cedff20999df2af8eb42d56 -> 
  custom:audio-encoder-webm-vorbis: bf7c407c2cedff20999df2af8eb42d56 -> 
========================================================================
Received Prepare
Begin MonoManager ReloadAssembly
Symbol file data-000002308E8BB010 doesn't match image D:\Programming_Works\Unity_flutter\Doremi_Doremi\Doremi_Doremi\Library\ScriptAssemblies\Unity.EditorCoroutines.Editor.dll
Symbol file LoadedFromMemory is not a mono symbol file
Symbol file data-000002306C148010 doesn't match image D:\Programming_Works\Unity_flutter\Doremi_Doremi\Doremi_Doremi\Library\ScriptAssemblies\Unity.Timeline.Editor.dll
Symbol file LoadedFromMemory is not a mono symbol file
Symbol file data-0000023096E56030 doesn't match image D:\Programming_Works\Unity_flutter\Doremi_Doremi\Doremi_Doremi\Library\ScriptAssemblies\Unity.VisualScripting.Shared.Editor.dll
Symbol file LoadedFromMemory is not a mono symbol file
Symbol file data-0000023096DA5870 doesn't match image D:\Programming_Works\Unity_flutter\Doremi_Doremi\Doremi_Doremi\Library\ScriptAssemblies\Unity.VisualStudio.Editor.dll
Symbol file LoadedFromMemory is not a mono symbol file
Symbol file data-0000023099B33DB0 doesn't match image D:\Programming_Works\Unity_flutter\Doremi_Doremi\Doremi_Doremi\Library\ScriptAssemblies\UnityEditor.UI.dll
Symbol file LoadedFromMemory is not a mono symbol file
Symbol file data-00000230DCA3E020 doesn't match image D:\Programming_Works\Unity_flutter\Doremi_Doremi\Doremi_Doremi\Library\ScriptAssemblies\Unity.VisualScripting.Core.dll
Symbol file LoadedFromMemory is not a mono symbol file
Symbol file data-0000023096E1C020 doesn't match image D:\Programming_Works\Unity_flutter\Doremi_Doremi\Doremi_Doremi\Library\ScriptAssemblies\UnityEngine.UI.dll
Symbol file LoadedFromMemory is not a mono symbol file
Symbol file data-000002308FE55020 doesn't match image D:\Programming_Works\Unity_flutter\Doremi_Doremi\Doremi_Doremi\Library\ScriptAssemblies\Unity.VisualScripting.Core.Editor.dll
Symbol file LoadedFromMemory is not a mono symbol file
Symbol file data-000002306C0862C0 doesn't match image D:\Programming_Works\Unity_flutter\Doremi_Doremi\Doremi_Doremi\Library\ScriptAssemblies\Unity.Rider.Editor.dll
Symbol file LoadedFromMemory is not a mono symbol file
Symbol file data-000002306C1A8830 doesn't match image D:\Programming_Works\Unity_flutter\Doremi_Doremi\Doremi_Doremi\Library\ScriptAssemblies\Unity.2D.Sprite.Editor.dll
Symbol file LoadedFromMemory is not a mono symbol file
Symbol file data-00000230DC73A010 doesn't match image D:\Programming_Works\Unity_flutter\Doremi_Doremi\Doremi_Doremi\Library\ScriptAssemblies\UnityEditor.TestRunner.dll
Symbol file LoadedFromMemory is not a mono symbol file
Symbol file data-00000230DBA98020 doesn't match image D:\Programming_Works\Unity_flutter\Doremi_Doremi\Doremi_Doremi\Library\ScriptAssemblies\Unity.VisualScripting.Flow.dll
Symbol file LoadedFromMemory is not a mono symbol file
Symbol file data-000002309932F030 doesn't match image D:\Programming_Works\Unity_flutter\Doremi_Doremi\Doremi_Doremi\Library\ScriptAssemblies\Unity.VisualScripting.Flow.Editor.dll
Symbol file LoadedFromMemory is not a mono symbol file
Symbol file data-000002308F0A4010 doesn't match image D:\Programming_Works\Unity_flutter\Doremi_Doremi\Doremi_Doremi\Library\ScriptAssemblies\Unity.Timeline.dll
Symbol file LoadedFromMemory is not a mono symbol file
Symbol file data-00000230DB369040 doesn't match image D:\Programming_Works\Unity_flutter\Doremi_Doremi\Doremi_Doremi\Library\ScriptAssemblies\Unity.TestTools.CodeCoverage.Editor.OpenCover.Mono.Reflection.dll
Symbol file LoadedFromMemory is not a mono symbol file
Symbol file data-00000230DB369040 doesn't match image D:\Programming_Works\Unity_flutter\Doremi_Doremi\Doremi_Doremi\Library\ScriptAssemblies\Unity.VisualScripting.SettingsProvider.Editor.dll
Symbol file LoadedFromMemory is not a mono symbol file
Symbol file data-000002309932F030 doesn't match image D:\Programming_Works\Unity_flutter\Doremi_Doremi\Doremi_Doremi\Library\ScriptAssemblies\Unity.Performance.Profile-Analyzer.Editor.dll
Symbol file LoadedFromMemory is not a mono symbol file
Symbol file data-0000023096DA5870 doesn't match image D:\Programming_Works\Unity_flutter\Doremi_Doremi\Doremi_Doremi\Library\ScriptAssemblies\Unity.TestTools.CodeCoverage.Editor.dll
Symbol file LoadedFromMemory is not a mono symbol file
Symbol file data-0000023096E46030 doesn't match image D:\Programming_Works\Unity_flutter\Doremi_Doremi\Doremi_Doremi\Library\ScriptAssemblies\Unity.TestTools.CodeCoverage.Editor.OpenCover.Model.dll
Symbol file LoadedFromMemory is not a mono symbol file
Symbol file data-000002306C148010 doesn't match image D:\Programming_Works\Unity_flutter\Doremi_Doremi\Doremi_Doremi\Library\ScriptAssemblies\Unity.PlasticSCM.Editor.dll
Symbol file LoadedFromMemory is not a mono symbol file
Symbol file data-000002306C5EB6E0 doesn't match image D:\Programming_Works\Unity_flutter\Doremi_Doremi\Doremi_Doremi\Library\ScriptAssemblies\UnityEngine.TestRunner.dll
Symbol file LoadedFromMemory is not a mono symbol file
Symbol file data-00000230DB29F020 doesn't match image D:\Programming_Works\Unity_flutter\Doremi_Doremi\Doremi_Doremi\Library\ScriptAssemblies\Unity.VisualScripting.State.Editor.dll
Symbol file LoadedFromMemory is not a mono symbol file
Symbol file data-0000023096E46030 doesn't match image D:\Programming_Works\Unity_flutter\Doremi_Doremi\Doremi_Doremi\Library\ScriptAssemblies\Unity.Settings.Editor.dll
Symbol file LoadedFromMemory is not a mono symbol file
Symbol file data-00000230DC7A5BE0 doesn't match image D:\Programming_Works\Unity_flutter\Doremi_Doremi\Doremi_Doremi\Library\ScriptAssemblies\Overwriter.dll
Symbol file LoadedFromMemory is not a mono symbol file
Symbol file data-00000230981D27F0 doesn't match image D:\Programming_Works\Unity_flutter\Doremi_Doremi\Doremi_Doremi\Library\ScriptAssemblies\Unity.CollabProxy.Editor.dll
Symbol file LoadedFromMemory is not a mono symbol file
Symbol file data-0000023098783020 doesn't match image D:\Programming_Works\Unity_flutter\Doremi_Doremi\Doremi_Doremi\Library\ScriptAssemblies\Unity.TextMeshPro.dll
Symbol file LoadedFromMemory is not a mono symbol file
Symbol file data-000002306C1A8830 doesn't match image D:\Programming_Works\Unity_flutter\Doremi_Doremi\Doremi_Doremi\Library\ScriptAssemblies\Unity.TextMeshPro.Editor.dll
Symbol file LoadedFromMemory is not a mono symbol file
Symbol file data-0000023096E46030 doesn't match image D:\Programming_Works\Unity_flutter\Doremi_Doremi\Doremi_Doremi\Library\ScriptAssemblies\Unity.VisualScripting.State.dll
Symbol file LoadedFromMemory is not a mono symbol file
Symbol file data-0000023096E46030 doesn't match image D:\Programming_Works\Unity_flutter\Doremi_Doremi\Doremi_Doremi\Library\ScriptAssemblies\Unity.VSCode.Editor.dll
Symbol file LoadedFromMemory is not a mono symbol file
- Loaded All Assemblies, in  0.266 seconds
Refreshing native plugins compatible for Editor in 1.27 ms, found 3 plugins.
Native extension for WindowsStandalone target not found
Native extension for Android target not found
Mono: successfully reloaded assembly
- Finished resetting the current domain, in  0.537 seconds
Domain Reload Profiling: 802ms
	BeginReloadAssembly (111ms)
		ExecutionOrderSort (0ms)
		DisableScriptedObjects (3ms)
		BackupInstance (0ms)
		ReleaseScriptingObjects (0ms)
		CreateAndSetChildDomain (28ms)
	RebuildCommonClasses (24ms)
	RebuildNativeTypeToScriptingClass (6ms)
	initialDomainReloadingComplete (17ms)
	LoadAllAssembliesAndSetupDomain (107ms)
		LoadAssemblies (155ms)
		RebuildTransferFunctionScriptingTraits (0ms)
		AnalyzeDomain (8ms)
			TypeCache.Refresh (3ms)
				TypeCache.ScanAssembly (0ms)
			ScanForSourceGeneratedMonoScriptInfo (0ms)
			ResolveRequiredComponents (4ms)
	FinalizeReload (537ms)
		ReleaseScriptCaches (0ms)
		RebuildScriptCaches (0ms)
		SetupLoadedEditorAssemblies (264ms)
			LogAssemblyErrors (0ms)
			InitializePlatformSupportModulesInManaged (19ms)
			SetLoadedEditorAssemblies (3ms)
			RefreshPlugins (0ms)
			BeforeProcessingInitializeOnLoad (42ms)
			ProcessInitializeOnLoadAttributes (179ms)
			ProcessInitializeOnLoadMethodAttributes (14ms)
			AfterProcessingInitializeOnLoad (6ms)
			EditorAssembliesLoaded (0ms)
		ExecutionOrderSort2 (0ms)
		AwakeInstancesAfterBackupRestoration (6ms)
Refreshing native plugins compatible for Editor in 1.33 ms, found 3 plugins.
Preloading 0 native plugins for Editor in 0.00 ms.
Unloading 3213 Unused Serialized files (Serialized files now loaded: 0)
Unloading 27 unused Assets / (31.1 KB). Loaded Objects now: 3731.
Memory consumption went from 143.8 MB to 143.8 MB.
Total: 2.175600 ms (FindLiveObjects: 0.190700 ms CreateObjectMapping: 0.058400 ms MarkObjects: 1.884400 ms  DeleteObjects: 0.041500 ms)

Prepare: number of updated asset objects reloaded= 0
AssetImportParameters requested are different than current active one (requested -> active):
  custom:container-demuxer-ogg: 62fdf1f143b41e24485cea50d1cbac27 -> 
  custom:video-decoder-ogg-theora: a1e56fd34408186e4bbccfd4996cb3dc -> 
  custom:framework-win-MediaFoundation: 216162199b28c13a410421893ffa2e32 -> 
  custom:CustomObjectIndexerAttribute: 9a22284fe3817be447336de3de66b15e -> 
  custom:container-demuxer-webm: 4f35f7cbe854078d1ac9338744f61a02 -> 
  custom:container-muxer-webm: aa71ff27fc2769a1b78a27578f13a17b -> 
  custom:video-decoder-webm-vp8: 9c59270c3fd7afecdb556c50c9e8de78 -> 
  custom:SearchIndexIgnoredProperties: e643bd26f0fe6173181afceb89e7c659 -> 
  custom:AudioImporter_EditorPlatform: d09bf68614088b80899f8185d706f6e7 -> 
  custom:video-encoder-webm-vp8: eb34c28f22e8b96e1ab97ce403110664 -> 
  custom:audio-decoder-ogg-vorbis: bf7c407c2cedff20999df2af8eb42d56 -> 
  custom:audio-encoder-webm-vorbis: bf7c407c2cedff20999df2af8eb42d56 -> 
